Using pre-set license
Built from '2020.3/staging' branch; Version is '2020.3.13f1 (71691879b7f5) revision 7432472'; Using compiler version '192528614'; Build Type 'Release'
OS: 'Windows 10 Home Single Language; OS build 19041.1083; Version 2004; 64bit' Language: 'ru' Physical Memory: 7866 MB
BatchMode: 1, IsHumanControllingUs: 0, StartBugReporterOnCrash: 0, Is64bit: 1, IsPro: 0

 COMMAND LINE ARGUMENTS:
C:\Program Files\Unity\Hub\Editor\2020.3.13f1\Editor\Unity.exe
-adb2
-batchMode
-noUpm
-name
AssetImportWorker7
-projectPath
C:/Unity games/GiantBattle-Reskin
-logFile
Logs/AssetImportWorker7.log
-srvPort
13980
Successfully changed project path to: C:/Unity games/GiantBattle-Reskin
C:/Unity games/GiantBattle-Reskin
Using Asset Import Pipeline V2.
Refreshing native plugins compatible for Editor in 244.48 ms, found 6 plugins.
Preloading 0 native plugins for Editor in 0.00 ms.
Initialize engine version: 2020.3.13f1 (71691879b7f5)
[Subsystems] Discovering subsystems at path C:/Program Files/Unity/Hub/Editor/2020.3.13f1/Editor/Data/Resources/UnitySubsystems
[Subsystems] Discovering subsystems at path C:/Unity games/GiantBattle-Reskin/Assets
GfxDevice: creating device client; threaded=0
Direct3D:
    Version:  Direct3D 11.0 [level 11.0]
    Renderer: NVIDIA GeForce 920M (ID=0x1299)
    Vendor:   
    VRAM:     986 MB
    Driver:   25.21.14.2531
Initialize mono
Mono path[0] = 'C:/Program Files/Unity/Hub/Editor/2020.3.13f1/Editor/Data/Managed'
Mono path[1] = 'C:/Program Files/Unity/Hub/Editor/2020.3.13f1/Editor/Data/MonoBleedingEdge/lib/mono/unityjit'
Mono config path = 'C:/Program Files/Unity/Hub/Editor/2020.3.13f1/Editor/Data/MonoBleedingEdge/etc'
Using monoOptions --debugger-agent=transport=dt_socket,embedding=1,server=y,suspend=n,address=127.0.0.1:56976
Begin MonoManager ReloadAssembly
Registering precompiled unity dll's ...
Register platform support module: C:/Program Files/Unity/Hub/Editor/2020.3.13f1/Editor/Data/PlaybackEngines/WindowsStandaloneSupport/UnityEditor.WindowsStandalone.Extensions.dll
Registered in 0.004654 seconds.
Native extension for WindowsStandalone target not found
Refreshing native plugins compatible for Editor in 163.68 ms, found 6 plugins.
Preloading 0 native plugins for Editor in 0.00 ms.
Mono: successfully reloaded assembly
- Completed reload, in  2.909 seconds
Platform modules already initialized, skipping
Registering precompiled user dll's ...
Registered in 0.013010 seconds.
Begin MonoManager ReloadAssembly
Native extension for WindowsStandalone target not found
Refreshing native plugins compatible for Editor in 173.34 ms, found 6 plugins.
Preloading 0 native plugins for Editor in 0.00 ms.
Mono: successfully reloaded assembly
- Completed reload, in  7.298 seconds
Platform modules already initialized, skipping
========================================================================
Worker process is ready to serve import requests
Launched and connected shader compiler UnityShaderCompiler.exe after 0.31 seconds
Refreshing native plugins compatible for Editor in 2.06 ms, found 6 plugins.
Preloading 0 native plugins for Editor in 0.00 ms.
Unloading 2681 Unused Serialized files (Serialized files now loaded: 0)
System memory in use before: 164.3 MB.
System memory in use after: 160.3 MB.

Unloading 89 unused Assets to reduce memory usage. Loaded Objects now: 3080.
Total: 67.655300 ms (FindLiveObjects: 0.808000 ms CreateObjectMapping: 0.401400 ms MarkObjects: 52.717100 ms  DeleteObjects: 13.725600 ms)

AssetImportParameters requested are different than current active one (requested -> active):
  custom:framework-win-MediaFoundation: 216162199b28c13a410421893ffa2e32 -> 
  custom:video-decoder-ogg-theora: a1e56fd34408186e4bbccfd4996cb3dc -> 
  custom:container-muxer-webm: aa71ff27fc2769a1b78a27578f13a17b -> 
  custom:container-demuxer-webm: 4f35f7cbe854078d1ac9338744f61a02 -> 
  custom:container-demuxer-ogg: 62fdf1f143b41e24485cea50d1cbac27 -> 
  custom:video-encoder-webm-vp8: eb34c28f22e8b96e1ab97ce403110664 -> 
  custom:video-decoder-webm-vp8: 9c59270c3fd7afecdb556c50c9e8de78 -> 
  custom:audio-decoder-ogg-vorbis: bf7c407c2cedff20999df2af8eb42d56 -> 
  custom:audio-encoder-webm-vorbis: bf7c407c2cedff20999df2af8eb42d56 -> 
========================================================================
Received Import Request.
  path: Assets/Scenes/SampleScene_Profiles/Dark.asset
  artifactKey: Guid(2517eb5be407621409b0a2c879c6d84f) Importer(815301076,1909f56bfc062723c751e8b465ee728b)
Start importing Assets/Scenes/SampleScene_Profiles/Dark.asset using Guid(2517eb5be407621409b0a2c879c6d84f) Importer(815301076,1909f56bfc062723c751e8b465ee728b)  -> (artifact id: '4d074bf855b7c519f535bb01290d394f') in 0.347488 seconds 
  Import took 0.405019 seconds .

========================================================================
Received Import Request.
  Time since last request: 0.000430 seconds.
  path: Assets/Scenes/SampleScene_Profiles/Light.asset
  artifactKey: Guid(adeac33d93ad6ec4ca57d749abf48965) Importer(815301076,1909f56bfc062723c751e8b465ee728b)
Start importing Assets/Scenes/SampleScene_Profiles/Light.asset using Guid(adeac33d93ad6ec4ca57d749abf48965) Importer(815301076,1909f56bfc062723c751e8b465ee728b)  -> (artifact id: '9574323b0d1480530f8d0b753f3f6c54') in 0.129583 seconds 
  Import took 0.259144 seconds .

========================================================================
Received Import Request.
  Time since last request: 0.004940 seconds.
  path: Assets/Scenes/SampleScene_Profiles/Light.asset
  artifactKey: Guid(adeac33d93ad6ec4ca57d749abf48965) Importer(815301076,1909f56bfc062723c751e8b465ee728b)
Start importing Assets/Scenes/SampleScene_Profiles/Light.asset using Guid(adeac33d93ad6ec4ca57d749abf48965) Importer(815301076,1909f56bfc062723c751e8b465ee728b)  -> (artifact id: '9574323b0d1480530f8d0b753f3f6c54') in 0.016500 seconds 
  Import took 0.055009 seconds .

========================================================================
Received Import Request.
  Time since last request: 71.718631 seconds.
  path: Assets/Materials/HDRI/Hdri sky night.mat
  artifactKey: Guid(1bb2573769fe5dc46b8a2ad9d09aa38d) Importer(815301076,1909f56bfc062723c751e8b465ee728b)
Start importing Assets/Materials/HDRI/Hdri sky night.mat using Guid(1bb2573769fe5dc46b8a2ad9d09aa38d) Importer(815301076,1909f56bfc062723c751e8b465ee728b)  -> (artifact id: 'c02eda54dab67a1fe90ec9f7c79be9e5') in 1.554944 seconds 
  Import took 1.592270 seconds .

========================================================================
Received Import Request.
  Time since last request: 0.002987 seconds.
  path: Assets/Materials/HDRI/Hdri sky night.mat
  artifactKey: Guid(1bb2573769fe5dc46b8a2ad9d09aa38d) Importer(815301076,1909f56bfc062723c751e8b465ee728b)
Start importing Assets/Materials/HDRI/Hdri sky night.mat using Guid(1bb2573769fe5dc46b8a2ad9d09aa38d) Importer(815301076,1909f56bfc062723c751e8b465ee728b)  -> (artifact id: 'c02eda54dab67a1fe90ec9f7c79be9e5') in 0.162590 seconds 
  Import took 0.180218 seconds .

========================================================================
Received Import Request.
  Time since last request: 184.135784 seconds.
  path: Assets/Scenes/SampleScene_Profiles/Light lighting.lighting
  artifactKey: Guid(f05b2a48f7947b5499284252fc0633a6) Importer(815301076,1909f56bfc062723c751e8b465ee728b)
Start importing Assets/Scenes/SampleScene_Profiles/Light lighting.lighting using Guid(f05b2a48f7947b5499284252fc0633a6) Importer(815301076,1909f56bfc062723c751e8b465ee728b)  -> (artifact id: '41c0e80230a5ea638bcbd18e7d0e642e') in 0.042951 seconds 
  Import took 0.068687 seconds .

========================================================================
Received Import Request.
  Time since last request: 6.664588 seconds.
  path: Assets/Scenes/SampleScene_Profiles/Dark lighting.lighting
  artifactKey: Guid(a7cf85b74f8f06449800750ca9314c9c) Importer(815301076,1909f56bfc062723c751e8b465ee728b)
Start importing Assets/Scenes/SampleScene_Profiles/Dark lighting.lighting using Guid(a7cf85b74f8f06449800750ca9314c9c) Importer(815301076,1909f56bfc062723c751e8b465ee728b)  -> (artifact id: 'fec2139bef7518f0f015d24ee7178d06') in 0.024250 seconds 
  Import took 0.033823 seconds .

========================================================================
Received Import Request.
  Time since last request: 636.321871 seconds.
  path: Assets/Scenes/SampleScene_Profiles/Light.asset
  artifactKey: Guid(adeac33d93ad6ec4ca57d749abf48965) Importer(815301076,1909f56bfc062723c751e8b465ee728b)
Start importing Assets/Scenes/SampleScene_Profiles/Light.asset using Guid(adeac33d93ad6ec4ca57d749abf48965) Importer(815301076,1909f56bfc062723c751e8b465ee728b)  -> (artifact id: '54bf9ddc269784a323ad015741259df1') in 0.021444 seconds 
  Import took 0.041494 seconds .

========================================================================
Received Prepare
Registering precompiled user dll's ...
Registered in 0.029605 seconds.
Begin MonoManager ReloadAssembly
Native extension for WindowsStandalone target not found
Refreshing native plugins compatible for Editor in 4.58 ms, found 6 plugins.
Preloading 0 native plugins for Editor in 0.00 ms.
Mono: successfully reloaded assembly
- Completed reload, in  2.893 seconds
Platform modules already initialized, skipping
Refreshing native plugins compatible for Editor in 3.43 ms, found 6 plugins.
Preloading 0 native plugins for Editor in 0.00 ms.
Unloading 2552 Unused Serialized files (Serialized files now loaded: 0)
System memory in use before: 155.2 MB.
System memory in use after: 151.1 MB.

Unloading 80 unused Assets to reduce memory usage. Loaded Objects now: 3123.
Total: 20.923300 ms (FindLiveObjects: 0.839200 ms CreateObjectMapping: 0.354900 ms MarkObjects: 15.328500 ms  DeleteObjects: 4.397100 ms)

AssetImportParameters requested are different than current active one (requested -> active):
  custom:framework-win-MediaFoundation: 216162199b28c13a410421893ffa2e32 -> 
  custom:video-decoder-ogg-theora: a1e56fd34408186e4bbccfd4996cb3dc -> 
  custom:container-muxer-webm: aa71ff27fc2769a1b78a27578f13a17b -> 
  custom:container-demuxer-webm: 4f35f7cbe854078d1ac9338744f61a02 -> 
  custom:container-demuxer-ogg: 62fdf1f143b41e24485cea50d1cbac27 -> 
  custom:video-encoder-webm-vp8: eb34c28f22e8b96e1ab97ce403110664 -> 
  custom:video-decoder-webm-vp8: 9c59270c3fd7afecdb556c50c9e8de78 -> 
  custom:audio-decoder-ogg-vorbis: bf7c407c2cedff20999df2af8eb42d56 -> 
  custom:audio-encoder-webm-vorbis: bf7c407c2cedff20999df2af8eb42d56 -> 
========================================================================
Received Prepare
Registering precompiled user dll's ...
Registered in 0.023767 seconds.
Begin MonoManager ReloadAssembly
Native extension for WindowsStandalone target not found
Refreshing native plugins compatible for Editor in 2.09 ms, found 6 plugins.
Preloading 0 native plugins for Editor in 0.00 ms.
Mono: successfully reloaded assembly
- Completed reload, in  2.386 seconds
Platform modules already initialized, skipping
Refreshing native plugins compatible for Editor in 3.80 ms, found 6 plugins.
Preloading 0 native plugins for Editor in 0.00 ms.
Unloading 2552 Unused Serialized files (Serialized files now loaded: 0)
System memory in use before: 155.2 MB.
System memory in use after: 151.2 MB.

Unloading 80 unused Assets to reduce memory usage. Loaded Objects now: 3126.
Total: 26.030800 ms (FindLiveObjects: 0.653500 ms CreateObjectMapping: 0.257600 ms MarkObjects: 17.997000 ms  DeleteObjects: 7.119300 ms)

AssetImportParameters requested are different than current active one (requested -> active):
  custom:framework-win-MediaFoundation: 216162199b28c13a410421893ffa2e32 -> 
  custom:video-decoder-ogg-theora: a1e56fd34408186e4bbccfd4996cb3dc -> 
  custom:container-muxer-webm: aa71ff27fc2769a1b78a27578f13a17b -> 
  custom:container-demuxer-webm: 4f35f7cbe854078d1ac9338744f61a02 -> 
  custom:container-demuxer-ogg: 62fdf1f143b41e24485cea50d1cbac27 -> 
  custom:video-encoder-webm-vp8: eb34c28f22e8b96e1ab97ce403110664 -> 
  custom:video-decoder-webm-vp8: 9c59270c3fd7afecdb556c50c9e8de78 -> 
  custom:audio-decoder-ogg-vorbis: bf7c407c2cedff20999df2af8eb42d56 -> 
  custom:audio-encoder-webm-vorbis: bf7c407c2cedff20999df2af8eb42d56 -> 
========================================================================
Received Import Request.
  Time since last request: 1156.076344 seconds.
  path: Assets/Materials/Envirement/Grass 1.mat
  artifactKey: Guid(4308643e25908cb4eba2d5567c3dec81) Importer(815301076,1909f56bfc062723c751e8b465ee728b)
Start importing Assets/Materials/Envirement/Grass 1.mat using Guid(4308643e25908cb4eba2d5567c3dec81) Importer(815301076,1909f56bfc062723c751e8b465ee728b)  -> (artifact id: '0e48130b0898693be1b4d89b8a7eef27') in 0.661610 seconds 
  Import took 0.729237 seconds .

========================================================================
Received Import Request.
  Time since last request: 0.009026 seconds.
  path: Assets/Materials/Envirement/Grass 1.mat
  artifactKey: Guid(4308643e25908cb4eba2d5567c3dec81) Importer(815301076,1909f56bfc062723c751e8b465ee728b)
Start importing Assets/Materials/Envirement/Grass 1.mat using Guid(4308643e25908cb4eba2d5567c3dec81) Importer(815301076,1909f56bfc062723c751e8b465ee728b)  -> (artifact id: '0e48130b0898693be1b4d89b8a7eef27') in 0.052332 seconds 
  Import took 0.076747 seconds .

========================================================================
Received Import Request.
  Time since last request: 15.596105 seconds.
  path: Assets/Materials/Envirement/SCP.mat
  artifactKey: Guid(4308643e25908cb4eba2d5567c3dec81) Importer(815301076,1909f56bfc062723c751e8b465ee728b)
Start importing Assets/Materials/Envirement/SCP.mat using Guid(4308643e25908cb4eba2d5567c3dec81) Importer(815301076,1909f56bfc062723c751e8b465ee728b)  -> (artifact id: 'c5b926ad1ada9ae4a6cef21cd7c04dc6') in 0.106729 seconds 
  Import took 0.114887 seconds .

========================================================================
Received Import Request.
  Time since last request: 466.646427 seconds.
  path: Assets/Scenes/SampleScene_Profiles/Dark.asset
  artifactKey: Guid(2517eb5be407621409b0a2c879c6d84f) Importer(815301076,1909f56bfc062723c751e8b465ee728b)
Start importing Assets/Scenes/SampleScene_Profiles/Dark.asset using Guid(2517eb5be407621409b0a2c879c6d84f) Importer(815301076,1909f56bfc062723c751e8b465ee728b)  -> (artifact id: '70918e8e22dfeea704c7aea20627bdab') in 0.081561 seconds 
  Import took 0.271364 seconds .

========================================================================
Received Import Request.
  Time since last request: 0.000756 seconds.
  path: Assets/Scenes/SampleScene_Profiles/Light.asset
  artifactKey: Guid(adeac33d93ad6ec4ca57d749abf48965) Importer(815301076,1909f56bfc062723c751e8b465ee728b)
Start importing Assets/Scenes/SampleScene_Profiles/Light.asset using Guid(adeac33d93ad6ec4ca57d749abf48965) Importer(815301076,1909f56bfc062723c751e8b465ee728b)  -> (artifact id: '63b591f166611a1dbe31cc80a9b3217e') in 0.018013 seconds 
  Import took 0.055080 seconds .

========================================================================
Received Prepare
Registering precompiled user dll's ...
Registered in 0.016010 seconds.
Begin MonoManager ReloadAssembly
Native extension for WindowsStandalone target not found
Refreshing native plugins compatible for Editor in 3.89 ms, found 6 plugins.
Preloading 0 native plugins for Editor in 0.00 ms.
Mono: successfully reloaded assembly
- Completed reload, in  3.016 seconds
Platform modules already initialized, skipping
Refreshing native plugins compatible for Editor in 2.75 ms, found 6 plugins.
Preloading 0 native plugins for Editor in 0.00 ms.
Unloading 2552 Unused Serialized files (Serialized files now loaded: 0)
System memory in use before: 155.3 MB.
System memory in use after: 151.3 MB.

Unloading 80 unused Assets to reduce memory usage. Loaded Objects now: 3130.
Total: 18.938900 ms (FindLiveObjects: 0.628700 ms CreateObjectMapping: 0.258800 ms MarkObjects: 13.857000 ms  DeleteObjects: 4.191900 ms)

AssetImportParameters requested are different than current active one (requested -> active):
  custom:framework-win-MediaFoundation: 216162199b28c13a410421893ffa2e32 -> 
  custom:video-decoder-ogg-theora: a1e56fd34408186e4bbccfd4996cb3dc -> 
  custom:container-muxer-webm: aa71ff27fc2769a1b78a27578f13a17b -> 
  custom:container-demuxer-webm: 4f35f7cbe854078d1ac9338744f61a02 -> 
  custom:container-demuxer-ogg: 62fdf1f143b41e24485cea50d1cbac27 -> 
  custom:video-encoder-webm-vp8: eb34c28f22e8b96e1ab97ce403110664 -> 
  custom:video-decoder-webm-vp8: 9c59270c3fd7afecdb556c50c9e8de78 -> 
  custom:audio-decoder-ogg-vorbis: bf7c407c2cedff20999df2af8eb42d56 -> 
  custom:audio-encoder-webm-vorbis: bf7c407c2cedff20999df2af8eb42d56 -> 
