Using pre-set license
Built from '2020.3/staging' branch; Version is '2020.3.13f1 (71691879b7f5) revision 7432472'; Using compiler version '192528614'; Build Type 'Release'
OS: 'Windows 10 Pro; OS build 19043.1110; Version 2009; 64bit' Language: 'ru' Physical Memory: 16318 MB
BatchMode: 1, IsHumanControllingUs: 0, StartBugReporterOnCrash: 0, Is64bit: 1, IsPro: 0

 COMMAND LINE ARGUMENTS:
X:\Program Files\Unity\Hub\Editor\2020.3.13f1\Editor\Unity.exe
-adb2
-batchMode
-noUpm
-name
AssetImportWorker0
-projectPath
D:/programs/Projects/GiantBattle-Reskin
-logFile
Logs/AssetImportWorker0.log
-srvPort
59872
Successfully changed project path to: D:/programs/Projects/GiantBattle-Reskin
D:/programs/Projects/GiantBattle-Reskin
Using Asset Import Pipeline V2.
Refreshing native plugins compatible for Editor in 131.26 ms, found 6 plugins.
Preloading 0 native plugins for Editor in 0.00 ms.
Initialize engine version: 2020.3.13f1 (71691879b7f5)
[Subsystems] Discovering subsystems at path X:/Program Files/Unity/Hub/Editor/2020.3.13f1/Editor/Data/Resources/UnitySubsystems
[Subsystems] Discovering subsystems at path D:/programs/Projects/GiantBattle-Reskin/Assets
GfxDevice: creating device client; threaded=0
Direct3D:
    Version:  Direct3D 11.0 [level 11.1]
    Renderer: NVIDIA GeForce GTX 1060 6GB (ID=0x1c03)
    Vendor:   
    VRAM:     6052 MB
    Driver:   27.21.14.6192
Initialize mono
Mono path[0] = 'X:/Program Files/Unity/Hub/Editor/2020.3.13f1/Editor/Data/Managed'
Mono path[1] = 'X:/Program Files/Unity/Hub/Editor/2020.3.13f1/Editor/Data/MonoBleedingEdge/lib/mono/unityjit'
Mono config path = 'X:/Program Files/Unity/Hub/Editor/2020.3.13f1/Editor/Data/MonoBleedingEdge/etc'
Using monoOptions --debugger-agent=transport=dt_socket,embedding=1,server=y,suspend=n,address=127.0.0.1:56036
Begin MonoManager ReloadAssembly
Registering precompiled unity dll's ...
Register platform support module: X:/Program Files/Unity/Hub/Editor/2020.3.13f1/Editor/Data/PlaybackEngines/WindowsStandaloneSupport/UnityEditor.WindowsStandalone.Extensions.dll
Registered in 0.002949 seconds.
Native extension for WindowsStandalone target not found
Refreshing native plugins compatible for Editor in 138.13 ms, found 6 plugins.
Preloading 0 native plugins for Editor in 0.00 ms.
Mono: successfully reloaded assembly
- Completed reload, in  2.908 seconds
Platform modules already initialized, skipping
Registering precompiled user dll's ...
Registered in 0.009506 seconds.
Begin MonoManager ReloadAssembly
Native extension for WindowsStandalone target not found
Refreshing native plugins compatible for Editor in 142.16 ms, found 6 plugins.
Preloading 0 native plugins for Editor in 0.00 ms.
Mono: successfully reloaded assembly
- Completed reload, in  1.821 seconds
Platform modules already initialized, skipping
========================================================================
Worker process is ready to serve import requests
Launched and connected shader compiler UnityShaderCompiler.exe after 0.08 seconds
Refreshing native plugins compatible for Editor in 1.60 ms, found 6 plugins.
Preloading 0 native plugins for Editor in 0.00 ms.
Unloading 2682 Unused Serialized files (Serialized files now loaded: 0)
System memory in use before: 159.6 MB.
System memory in use after: 155.0 MB.

Unloading 89 unused Assets to reduce memory usage. Loaded Objects now: 3075.
Total: 12.400400 ms (FindLiveObjects: 0.477700 ms CreateObjectMapping: 0.308500 ms MarkObjects: 9.036500 ms  DeleteObjects: 2.575500 ms)

AssetImportParameters requested are different than current active one (requested -> active):
  custom:framework-win-MediaFoundation: 216162199b28c13a410421893ffa2e32 -> 
  custom:video-decoder-ogg-theora: a1e56fd34408186e4bbccfd4996cb3dc -> 
  custom:container-muxer-webm: aa71ff27fc2769a1b78a27578f13a17b -> 
  custom:container-demuxer-webm: 4f35f7cbe854078d1ac9338744f61a02 -> 
  custom:container-demuxer-ogg: 62fdf1f143b41e24485cea50d1cbac27 -> 
  custom:video-encoder-webm-vp8: eb34c28f22e8b96e1ab97ce403110664 -> 
  custom:video-decoder-webm-vp8: 9c59270c3fd7afecdb556c50c9e8de78 -> 
  custom:audio-decoder-ogg-vorbis: bf7c407c2cedff20999df2af8eb42d56 -> 
  custom:audio-encoder-webm-vorbis: bf7c407c2cedff20999df2af8eb42d56 -> 
========================================================================
Received Import Request.
  path: Assets/Scenes/New Lighting Settings.lighting
  artifactKey: Guid(a7cf85b74f8f06449800750ca9314c9c) Importer(815301076,1909f56bfc062723c751e8b465ee728b)
Start importing Assets/Scenes/New Lighting Settings.lighting using Guid(a7cf85b74f8f06449800750ca9314c9c) Importer(815301076,1909f56bfc062723c751e8b465ee728b)  -> (artifact id: 'f5f84b7e8709c38ebd7be40443b6231d') in 0.075186 seconds 
  Import took 0.082351 seconds .

========================================================================
Received Import Request.
  Time since last request: 0.000245 seconds.
  path: Assets/Scenes/GameScene Day.unity
  artifactKey: Guid(47fcb180ff4c4134687d5bf953be7596) Importer(815301076,1909f56bfc062723c751e8b465ee728b)
Start importing Assets/Scenes/GameScene Day.unity using Guid(47fcb180ff4c4134687d5bf953be7596) Importer(815301076,1909f56bfc062723c751e8b465ee728b)  -> (artifact id: '0f0c7d4fc260eba1a2cf7a342a64c472') in 0.012628 seconds 
  Import took 0.023930 seconds .

========================================================================
Received Import Request.
  Time since last request: 26.425429 seconds.
  path: Assets/SimplePoly World/Textures/Urban/SPW_Urban_Road.png
  artifactKey: Guid(3cbf9623d71a11f4d881f794ff897aed) Importer(815301076,1909f56bfc062723c751e8b465ee728b)
Start importing Assets/SimplePoly World/Textures/Urban/SPW_Urban_Road.png using Guid(3cbf9623d71a11f4d881f794ff897aed) Importer(815301076,1909f56bfc062723c751e8b465ee728b)  -> (artifact id: '952e52a6f98ba23c8dec960cf542d756') in 0.148453 seconds 
  Import took 0.155546 seconds .

========================================================================
Received Import Request.
  Time since last request: 0.011794 seconds.
  path: Assets/SimplePoly World/Textures/Urban/SPW_Urban_Road.png
  artifactKey: Guid(3cbf9623d71a11f4d881f794ff897aed) Importer(815301076,1909f56bfc062723c751e8b465ee728b)
Start importing Assets/SimplePoly World/Textures/Urban/SPW_Urban_Road.png using Guid(3cbf9623d71a11f4d881f794ff897aed) Importer(815301076,1909f56bfc062723c751e8b465ee728b)  -> (artifact id: '952e52a6f98ba23c8dec960cf542d756') in 0.025772 seconds 
  Import took 0.033724 seconds .

========================================================================
Received Import Request.
  Time since last request: 77.975948 seconds.
  path: Assets/SimplePoly World/Textures/Urban/SPW_Urban_Road.png
  artifactKey: Guid(3cbf9623d71a11f4d881f794ff897aed) Importer(815301076,1909f56bfc062723c751e8b465ee728b)
Start importing Assets/SimplePoly World/Textures/Urban/SPW_Urban_Road.png using Guid(3cbf9623d71a11f4d881f794ff897aed) Importer(815301076,1909f56bfc062723c751e8b465ee728b)  -> (artifact id: '4e4c971354ca50b1ec50f833c27767bb') in 0.039952 seconds 
  Import took 0.064377 seconds .

========================================================================
Received Prepare
Registering precompiled user dll's ...
Registered in 0.015664 seconds.
Begin MonoManager ReloadAssembly
Native extension for WindowsStandalone target not found
Refreshing native plugins compatible for Editor in 2.00 ms, found 6 plugins.
Preloading 0 native plugins for Editor in 0.00 ms.
Mono: successfully reloaded assembly
- Completed reload, in  2.666 seconds
Platform modules already initialized, skipping
Switching build target platform(19) subTarget(0) extendedPlatform(0) -> platform(13) subTarget(537395200) extendedPlatform(0)
Refreshing native plugins compatible for Editor in 1.90 ms, found 6 plugins.
Preloading 0 native plugins for Editor in 0.00 ms.
Unloading 2556 Unused Serialized files (Serialized files now loaded: 0)
System memory in use before: 146.8 MB.
System memory in use after: 142.3 MB.

Unloading 80 unused Assets to reduce memory usage. Loaded Objects now: 3080.
Total: 14.383900 ms (FindLiveObjects: 0.303200 ms CreateObjectMapping: 0.143800 ms MarkObjects: 10.663900 ms  DeleteObjects: 3.270800 ms)

AssetImportParameters requested are different than current active one (requested -> active):
  custom:framework-win-MediaFoundation: 216162199b28c13a410421893ffa2e32 -> 
  custom:video-decoder-ogg-theora: a1e56fd34408186e4bbccfd4996cb3dc -> 
  custom:container-muxer-webm: aa71ff27fc2769a1b78a27578f13a17b -> 
  custom:container-demuxer-webm: 4f35f7cbe854078d1ac9338744f61a02 -> 
  custom:container-demuxer-ogg: 62fdf1f143b41e24485cea50d1cbac27 -> 
  custom:video-encoder-webm-vp8: eb34c28f22e8b96e1ab97ce403110664 -> 
  custom:video-decoder-webm-vp8: 9c59270c3fd7afecdb556c50c9e8de78 -> 
  custom:graphics/normal-map-encoding: 01000000000000000000000000000000 -> 02000000000000000000000000000000
  custom:audio-decoder-ogg-vorbis: bf7c407c2cedff20999df2af8eb42d56 -> 
  custom:audio-encoder-webm-vorbis: bf7c407c2cedff20999df2af8eb42d56 -> 
========================================================================
Received Import Request.
  Time since last request: 1097.082716 seconds.
  path: Assets/SimplePoly World/Textures/Urban/SPW_Urban_Road.png
  artifactKey: Guid(3cbf9623d71a11f4d881f794ff897aed) Importer(815301076,1909f56bfc062723c751e8b465ee728b)
Start importing Assets/SimplePoly World/Textures/Urban/SPW_Urban_Road.png using Guid(3cbf9623d71a11f4d881f794ff897aed) Importer(815301076,1909f56bfc062723c751e8b465ee728b)  -> (artifact id: 'e40e029b2416dac29067656b11b57b5a') in 0.162383 seconds 
  Import took 0.192389 seconds .

========================================================================
Received Import Request.
  Time since last request: 10.272225 seconds.
  path: Assets/SimplePoly World/Textures/Urban/SPW_Urban_Bldg_Small_02.png
  artifactKey: Guid(7116f63ae7c8b774e8aebac553a59fba) Importer(815301076,1909f56bfc062723c751e8b465ee728b)
Start importing Assets/SimplePoly World/Textures/Urban/SPW_Urban_Bldg_Small_02.png using Guid(7116f63ae7c8b774e8aebac553a59fba) Importer(815301076,1909f56bfc062723c751e8b465ee728b)  -> (artifact id: 'a3e290bb54a25f8811ff828947f00211') in 0.092672 seconds 
  Import took 0.126480 seconds .

========================================================================
Received Import Request.
  Time since last request: 0.000381 seconds.
  path: Assets/SimplePoly World/Textures/Urban/SPW_Urban_Road Props_01.png
  artifactKey: Guid(e1fb1ad7da918694385c9e751e45baeb) Importer(815301076,1909f56bfc062723c751e8b465ee728b)
Start importing Assets/SimplePoly World/Textures/Urban/SPW_Urban_Road Props_01.png using Guid(e1fb1ad7da918694385c9e751e45baeb) Importer(815301076,1909f56bfc062723c751e8b465ee728b)  -> (artifact id: 'bf84b2f464ea451f3f0ec5e7538450b3') in 0.043098 seconds 
  Import took 0.062930 seconds .

========================================================================
Received Import Request.
  Time since last request: 0.000185 seconds.
  path: Assets/SimplePoly World/Textures/Urban/SPW_Urban_Props_Air Balloon_Color03.png
  artifactKey: Guid(a2be9e5a39c415a4e9d07a89a2594cb6) Importer(815301076,1909f56bfc062723c751e8b465ee728b)
Start importing Assets/SimplePoly World/Textures/Urban/SPW_Urban_Props_Air Balloon_Color03.png using Guid(a2be9e5a39c415a4e9d07a89a2594cb6) Importer(815301076,1909f56bfc062723c751e8b465ee728b)  -> (artifact id: '75e6bc51d21cf40ae69cb5b4eba68c50') in 0.080669 seconds 
  Import took 0.089527 seconds .

========================================================================
Received Import Request.
  Time since last request: 0.000190 seconds.
  path: Assets/SimplePoly World/Textures/Urban/SPW_Vehicle_Air_Helicopter_01.png
  artifactKey: Guid(469d028c0f28e89468e767cd029e9617) Importer(815301076,1909f56bfc062723c751e8b465ee728b)
Start importing Assets/SimplePoly World/Textures/Urban/SPW_Vehicle_Air_Helicopter_01.png using Guid(469d028c0f28e89468e767cd029e9617) Importer(815301076,1909f56bfc062723c751e8b465ee728b)  -> (artifact id: '70aa1bfb09d8bb38d17a193a902b94c2') in 0.090491 seconds 
  Import took 0.117883 seconds .

========================================================================
Received Import Request.
  Time since last request: 0.000332 seconds.
  path: Assets/SimplePoly World/Textures/Urban/SPW_Vehicle_Air_Airplane_03.png
  artifactKey: Guid(a34417950afad6d478d26d55d7b539bd) Importer(815301076,1909f56bfc062723c751e8b465ee728b)
Start importing Assets/SimplePoly World/Textures/Urban/SPW_Vehicle_Air_Airplane_03.png using Guid(a34417950afad6d478d26d55d7b539bd) Importer(815301076,1909f56bfc062723c751e8b465ee728b)  -> (artifact id: 'be552b19354e6bb169aa0f3d9ef0eb46') in 0.084200 seconds 
  Import took 0.096195 seconds .

========================================================================
Received Import Request.
  Time since last request: 0.000212 seconds.
  path: Assets/SimplePoly World/Textures/Urban/SPW_Urban_Bldg_Small_03.png
  artifactKey: Guid(fe065909bac327b4497a528dbdc6b913) Importer(815301076,1909f56bfc062723c751e8b465ee728b)
Start importing Assets/SimplePoly World/Textures/Urban/SPW_Urban_Bldg_Small_03.png using Guid(fe065909bac327b4497a528dbdc6b913) Importer(815301076,1909f56bfc062723c751e8b465ee728b)  -> (artifact id: 'b9b31ea0d22163cabc56c8708624a7b5') in 0.080761 seconds 
  Import took 0.090105 seconds .

========================================================================
Received Import Request.
  Time since last request: 0.003887 seconds.
  path: Assets/SimplePoly World/Textures/Urban/SPW_Vehicle_Air_Airplane_05.png
  artifactKey: Guid(2e8932b82a45edb4dbf37d18c474fdde) Importer(815301076,1909f56bfc062723c751e8b465ee728b)
Start importing Assets/SimplePoly World/Textures/Urban/SPW_Vehicle_Air_Airplane_05.png using Guid(2e8932b82a45edb4dbf37d18c474fdde) Importer(815301076,1909f56bfc062723c751e8b465ee728b)  -> (artifact id: '32096df41d9c2ed7e20a09875360bf20') in 0.090135 seconds 
  Import took 0.169070 seconds .

========================================================================
Received Import Request.
  Time since last request: 0.000257 seconds.
  path: Assets/SimplePoly World/Textures/Urban/SPW_Urban_Bldg_Small_03.png
  artifactKey: Guid(fe065909bac327b4497a528dbdc6b913) Importer(815301076,1909f56bfc062723c751e8b465ee728b)
Start importing Assets/SimplePoly World/Textures/Urban/SPW_Urban_Bldg_Small_03.png using Guid(fe065909bac327b4497a528dbdc6b913) Importer(815301076,1909f56bfc062723c751e8b465ee728b)  -> (artifact id: 'b9b31ea0d22163cabc56c8708624a7b5') in 0.031574 seconds 
  Import took 0.037314 seconds .

========================================================================
Received Import Request.
  Time since last request: 0.000209 seconds.
  path: Assets/SimplePoly World/Textures/Urban/SPW_Urban_Props_Air Balloon_Color02.png
  artifactKey: Guid(e7245ee638a1cd34e86914ccdca1d655) Importer(815301076,1909f56bfc062723c751e8b465ee728b)
Start importing Assets/SimplePoly World/Textures/Urban/SPW_Urban_Props_Air Balloon_Color02.png using Guid(e7245ee638a1cd34e86914ccdca1d655) Importer(815301076,1909f56bfc062723c751e8b465ee728b)  -> (artifact id: 'a147363e227dfeb53d8754f2875ecac4') in 0.080558 seconds 
  Import took 0.106346 seconds .

========================================================================
Received Import Request.
  Time since last request: 0.000948 seconds.
  path: Assets/SimplePoly World/Textures/Urban/SPW_Urban_Road(old).png
  artifactKey: Guid(a5199d3658644eb46a7e8a37178fe304) Importer(815301076,1909f56bfc062723c751e8b465ee728b)
Start importing Assets/SimplePoly World/Textures/Urban/SPW_Urban_Road(old).png using Guid(a5199d3658644eb46a7e8a37178fe304) Importer(815301076,1909f56bfc062723c751e8b465ee728b)  -> (artifact id: '6cdcad8a76e938eca6e8ddf16de3e096') in 0.065676 seconds 
  Import took 0.071929 seconds .

========================================================================
Received Import Request.
  Time since last request: 0.000308 seconds.
  path: Assets/SimplePoly World/Textures/Urban/SPW_Urban_Props_Entrance.png
  artifactKey: Guid(9f653bda859b3934b87d46a398e61ca5) Importer(815301076,1909f56bfc062723c751e8b465ee728b)
Start importing Assets/SimplePoly World/Textures/Urban/SPW_Urban_Props_Entrance.png using Guid(9f653bda859b3934b87d46a398e61ca5) Importer(815301076,1909f56bfc062723c751e8b465ee728b)  -> (artifact id: '4f5cb6759bfe78468068f39339f43f87') in 0.064311 seconds 
  Import took 0.091385 seconds .

========================================================================
Received Import Request.
  Time since last request: 0.000258 seconds.
  path: Assets/SimplePoly World/Textures/Urban/SPW_Vehicle_Air_Airplane_02.png
  artifactKey: Guid(e9467315ac73b07439b50ccbbe3d58fc) Importer(815301076,1909f56bfc062723c751e8b465ee728b)
Start importing Assets/SimplePoly World/Textures/Urban/SPW_Vehicle_Air_Airplane_02.png using Guid(e9467315ac73b07439b50ccbbe3d58fc) Importer(815301076,1909f56bfc062723c751e8b465ee728b)  -> (artifact id: '46b4c34ca8e75f3541857a5814613cd5') in 0.068502 seconds 
  Import took 0.105091 seconds .

========================================================================
Received Import Request.
  Time since last request: 0.000190 seconds.
  path: Assets/SimplePoly World/Textures/Urban/SPW_Urban_Road Props_02.png
  artifactKey: Guid(7e1a28dfb764a124fb00e586d8a55c88) Importer(815301076,1909f56bfc062723c751e8b465ee728b)
Start importing Assets/SimplePoly World/Textures/Urban/SPW_Urban_Road Props_02.png using Guid(7e1a28dfb764a124fb00e586d8a55c88) Importer(815301076,1909f56bfc062723c751e8b465ee728b)  -> (artifact id: 'dfd64cb4c073a93054ccbd82ea3d56d1') in 0.021296 seconds 
  Import took 0.030467 seconds .

========================================================================
Received Import Request.
  Time since last request: 0.000193 seconds.
  path: Assets/SimplePoly World/Textures/Urban/SPW_Vehicle_Air_Helicopter_Fire.png
  artifactKey: Guid(95cbd5b2550292d4faae94f47184cd43) Importer(815301076,1909f56bfc062723c751e8b465ee728b)
Start importing Assets/SimplePoly World/Textures/Urban/SPW_Vehicle_Air_Helicopter_Fire.png using Guid(95cbd5b2550292d4faae94f47184cd43) Importer(815301076,1909f56bfc062723c751e8b465ee728b)  -> (artifact id: '68d08c6fccd46744055369402e3fbd46') in 0.071212 seconds 
  Import took 0.076139 seconds .

========================================================================
Received Import Request.
  Time since last request: 0.000197 seconds.
  path: Assets/SimplePoly World/Textures/Urban/SPW_Vehicle_Air_Airplane_04.png
  artifactKey: Guid(ca0daec28978070409e35c144c745391) Importer(815301076,1909f56bfc062723c751e8b465ee728b)
Start importing Assets/SimplePoly World/Textures/Urban/SPW_Vehicle_Air_Airplane_04.png using Guid(ca0daec28978070409e35c144c745391) Importer(815301076,1909f56bfc062723c751e8b465ee728b)  -> (artifact id: 'f642044a4f5f838acbbfb66a26445038') in 0.074100 seconds 
  Import took 0.080504 seconds .

========================================================================
Received Import Request.
  Time since last request: 0.000195 seconds.
  path: Assets/SimplePoly World/Textures/Urban/SPW_Urban_Props_Container Crane.png
  artifactKey: Guid(d1f165ecf26e2dc4a8fc7d43c3a189fc) Importer(815301076,1909f56bfc062723c751e8b465ee728b)
Start importing Assets/SimplePoly World/Textures/Urban/SPW_Urban_Props_Container Crane.png using Guid(d1f165ecf26e2dc4a8fc7d43c3a189fc) Importer(815301076,1909f56bfc062723c751e8b465ee728b)  -> (artifact id: '301f94e5881cfa071ea1a914e47e8e41') in 0.096104 seconds 
  Import took 0.101452 seconds .

========================================================================
Received Import Request.
  Time since last request: 0.000195 seconds.
  path: Assets/SimplePoly World/Textures/Urban/SPW_Vehicle_Air_Airplane_01.png
  artifactKey: Guid(c7e998b0fb309d9498635db0a36d7768) Importer(815301076,1909f56bfc062723c751e8b465ee728b)
Start importing Assets/SimplePoly World/Textures/Urban/SPW_Vehicle_Air_Airplane_01.png using Guid(c7e998b0fb309d9498635db0a36d7768) Importer(815301076,1909f56bfc062723c751e8b465ee728b)  -> (artifact id: '09c6b55127e0d98dd34771c4c685f241') in 0.174457 seconds 
  Import took 0.198327 seconds .

========================================================================
Received Import Request.
  Time since last request: 0.000241 seconds.
  path: Assets/SimplePoly World/Textures/Urban/SPW_Vehicle_Air_Airplane_06.png
  artifactKey: Guid(bf7ba28dbdacff84a864e1757d67d48f) Importer(815301076,1909f56bfc062723c751e8b465ee728b)
Start importing Assets/SimplePoly World/Textures/Urban/SPW_Vehicle_Air_Airplane_06.png using Guid(bf7ba28dbdacff84a864e1757d67d48f) Importer(815301076,1909f56bfc062723c751e8b465ee728b)  -> (artifact id: '2d00594cd2bf6a1de58997312aea8f72') in 0.110008 seconds 
  Import took 0.132222 seconds .

========================================================================
Received Import Request.
  Time since last request: 0.000236 seconds.
  path: Assets/SimplePoly World/Textures/Urban/SPW_Urban_Props_Container_Color02.png
  artifactKey: Guid(08a91be327232b743ae435da3dc0e537) Importer(815301076,1909f56bfc062723c751e8b465ee728b)
Start importing Assets/SimplePoly World/Textures/Urban/SPW_Urban_Props_Container_Color02.png using Guid(08a91be327232b743ae435da3dc0e537) Importer(815301076,1909f56bfc062723c751e8b465ee728b)  -> (artifact id: 'e45771a76f82dc6ab3d6e16430589918') in 0.197481 seconds 
  Import took 0.219143 seconds .

========================================================================
Received Import Request.
  Time since last request: 0.000373 seconds.
  path: Assets/SimplePoly World/Textures/Urban/SPW_Urban_Props.png
  artifactKey: Guid(4e1c548fb888a914da7bca1e40ee7975) Importer(815301076,1909f56bfc062723c751e8b465ee728b)
Start importing Assets/SimplePoly World/Textures/Urban/SPW_Urban_Props.png using Guid(4e1c548fb888a914da7bca1e40ee7975) Importer(815301076,1909f56bfc062723c751e8b465ee728b)  -> (artifact id: '414889b6bbee11f49ab046d059d0a4ad') in 0.180672 seconds 
  Import took 0.233757 seconds .

========================================================================
Received Import Request.
  Time since last request: 0.000419 seconds.
  path: Assets/SimplePoly World/Textures/Urban/SPW_Urban_Road Props_03.png
  artifactKey: Guid(e5767a6669252554b958edb87731ae88) Importer(815301076,1909f56bfc062723c751e8b465ee728b)
Start importing Assets/SimplePoly World/Textures/Urban/SPW_Urban_Road Props_03.png using Guid(e5767a6669252554b958edb87731ae88) Importer(815301076,1909f56bfc062723c751e8b465ee728b)  -> (artifact id: 'abcf111b29e3e87fb619336503c3bedc') in 0.123532 seconds 
  Import took 0.160766 seconds .

========================================================================
Received Import Request.
  Time since last request: 0.000220 seconds.
  path: Assets/SimplePoly World/Textures/Urban/SPW_Urban_Bldg_Stadium.png
  artifactKey: Guid(fc14deec7c933aa4db322daf77fc559b) Importer(815301076,1909f56bfc062723c751e8b465ee728b)
Start importing Assets/SimplePoly World/Textures/Urban/SPW_Urban_Bldg_Stadium.png using Guid(fc14deec7c933aa4db322daf77fc559b) Importer(815301076,1909f56bfc062723c751e8b465ee728b)  -> (artifact id: '401ac528539901d3f63251c3bc43ae96') in 0.112360 seconds 
  Import took 0.120114 seconds .

========================================================================
Received Import Request.
  Time since last request: 0.000236 seconds.
  path: Assets/SimplePoly World/Textures/Urban/SPW_Urban_Factory.png
  artifactKey: Guid(e2295159f46a2614f981b0acc8a5257d) Importer(815301076,1909f56bfc062723c751e8b465ee728b)
Start importing Assets/SimplePoly World/Textures/Urban/SPW_Urban_Factory.png using Guid(e2295159f46a2614f981b0acc8a5257d) Importer(815301076,1909f56bfc062723c751e8b465ee728b)  -> (artifact id: '4226032a370d2731cc3e731ae3282db0') in 0.101198 seconds 
  Import took 0.143738 seconds .

========================================================================
Received Import Request.
  Time since last request: 0.000190 seconds.
  path: Assets/SimplePoly World/Textures/Urban/SPW_Urban_Props_Air Balloon_Color01.png
  artifactKey: Guid(0c774a6d00e9f0b458995a036ecdeda3) Importer(815301076,1909f56bfc062723c751e8b465ee728b)
Start importing Assets/SimplePoly World/Textures/Urban/SPW_Urban_Props_Air Balloon_Color01.png using Guid(0c774a6d00e9f0b458995a036ecdeda3) Importer(815301076,1909f56bfc062723c751e8b465ee728b)  -> (artifact id: '8746aacd1a4bb45bab849b7c39886f9b') in 0.066556 seconds 
  Import took 0.073236 seconds .

========================================================================
Received Import Request.
  Time since last request: 0.000262 seconds.
  path: Assets/SimplePoly World/Textures/Urban/SPW_Vehicle_Air_Helicopter_02.png
  artifactKey: Guid(46cf5eebd77406b48bcf16ff81230591) Importer(815301076,1909f56bfc062723c751e8b465ee728b)
Start importing Assets/SimplePoly World/Textures/Urban/SPW_Vehicle_Air_Helicopter_02.png using Guid(46cf5eebd77406b48bcf16ff81230591) Importer(815301076,1909f56bfc062723c751e8b465ee728b)  -> (artifact id: '2d66eff05819e6221a7dbf93294537f3') in 0.058069 seconds 
  Import took 0.090611 seconds .

========================================================================
Received Import Request.
  Time since last request: 0.000192 seconds.
  path: Assets/SimplePoly World/Textures/Urban/SPW_Urban_Props_Container_Color03.png
  artifactKey: Guid(445167f3dbb938d4b8825b051897ecea) Importer(815301076,1909f56bfc062723c751e8b465ee728b)
Start importing Assets/SimplePoly World/Textures/Urban/SPW_Urban_Props_Container_Color03.png using Guid(445167f3dbb938d4b8825b051897ecea) Importer(815301076,1909f56bfc062723c751e8b465ee728b)  -> (artifact id: 'ad1a740e2aee5fd2f71e4028a77ab41b') in 0.040344 seconds 
  Import took 0.054689 seconds .

========================================================================
Received Import Request.
  Time since last request: 0.000208 seconds.
  path: Assets/Materials/SPW_Urban_Props.png
  artifactKey: Guid(ee54ce97b42713b41b2a29e24115d13d) Importer(815301076,1909f56bfc062723c751e8b465ee728b)
Start importing Assets/Materials/SPW_Urban_Props.png using Guid(ee54ce97b42713b41b2a29e24115d13d) Importer(815301076,1909f56bfc062723c751e8b465ee728b)  -> (artifact id: '87e9f5ce27bc07082c97cf0dc5b0c21c') in 0.042531 seconds 
  Import took 0.065554 seconds .

========================================================================
Received Import Request.
  Time since last request: 0.000519 seconds.
  path: Assets/SimplePoly World/Textures/Urban/SPW_Urban_Props_Container_Color01.png
  artifactKey: Guid(3946ae92485c76145a1056aa40124a28) Importer(815301076,1909f56bfc062723c751e8b465ee728b)
Start importing Assets/SimplePoly World/Textures/Urban/SPW_Urban_Props_Container_Color01.png using Guid(3946ae92485c76145a1056aa40124a28) Importer(815301076,1909f56bfc062723c751e8b465ee728b)  -> (artifact id: '7464b265f927bf5ccf3f01a7831024d5') in 0.201427 seconds 
  Import took 0.310895 seconds .

========================================================================
Received Import Request.
  Time since last request: 0.000252 seconds.
  path: Assets/SimplePoly World/Textures/Urban/SPW_Urban_Props_Lighthouse.png
  artifactKey: Guid(b8796202b4fd8e04cbbecfd64ba96d2f) Importer(815301076,1909f56bfc062723c751e8b465ee728b)
Start importing Assets/SimplePoly World/Textures/Urban/SPW_Urban_Props_Lighthouse.png using Guid(b8796202b4fd8e04cbbecfd64ba96d2f) Importer(815301076,1909f56bfc062723c751e8b465ee728b)  -> (artifact id: '217523a4b0dbdd2f1cd849fff780c4ff') in 0.072451 seconds 
  Import took 0.081594 seconds .

========================================================================
Received Import Request.
  Time since last request: 0.000196 seconds.
  path: Assets/SimplePoly World/Textures/Urban/SPW_Urban_Train Station.png
  artifactKey: Guid(280f70ceba1bb424698cdb1c7434cd5e) Importer(815301076,1909f56bfc062723c751e8b465ee728b)
Start importing Assets/SimplePoly World/Textures/Urban/SPW_Urban_Train Station.png using Guid(280f70ceba1bb424698cdb1c7434cd5e) Importer(815301076,1909f56bfc062723c751e8b465ee728b)  -> (artifact id: 'def6abaff61952055b0606b89dfd6da8') in 0.053662 seconds 
  Import took 0.058861 seconds .

========================================================================
Received Import Request.
  Time since last request: 0.000287 seconds.
  path: Assets/SimplePoly World/Textures/Urban/SPW_Vehicle_Air_Helicopter_Ambulance.png
  artifactKey: Guid(b5afb1a1c1741cc41a7af8eb361cdb19) Importer(815301076,1909f56bfc062723c751e8b465ee728b)
Start importing Assets/SimplePoly World/Textures/Urban/SPW_Vehicle_Air_Helicopter_Ambulance.png using Guid(b5afb1a1c1741cc41a7af8eb361cdb19) Importer(815301076,1909f56bfc062723c751e8b465ee728b)  -> (artifact id: '9873a1d739a30d8f6b2d8cb98a97ff7e') in 0.066001 seconds 
  Import took 0.075003 seconds .

========================================================================
Received Import Request.
  Time since last request: 80.819654 seconds.
  path: Assets/Models/SirenHead/default_Base_Color.png
  artifactKey: Guid(937c84982954b9343b6ab19d2e1719ee) Importer(815301076,1909f56bfc062723c751e8b465ee728b)
Start importing Assets/Models/SirenHead/default_Base_Color.png using Guid(937c84982954b9343b6ab19d2e1719ee) Importer(815301076,1909f56bfc062723c751e8b465ee728b)  -> (artifact id: '979302dd6bc17f77b0112a4d15678093') in 0.125992 seconds 
  Import took 0.171438 seconds .

========================================================================
Received Import Request.
  Time since last request: 0.007108 seconds.
  path: Assets/Models/SirenHead/default_Base_Color.png
  artifactKey: Guid(937c84982954b9343b6ab19d2e1719ee) Importer(815301076,1909f56bfc062723c751e8b465ee728b)
Start importing Assets/Models/SirenHead/default_Base_Color.png using Guid(937c84982954b9343b6ab19d2e1719ee) Importer(815301076,1909f56bfc062723c751e8b465ee728b)  -> (artifact id: '979302dd6bc17f77b0112a4d15678093') in 0.094887 seconds 
  Import took 0.102081 seconds .

========================================================================
Received Prepare
Registering precompiled user dll's ...
Registered in 0.013870 seconds.
Begin MonoManager ReloadAssembly
Native extension for WindowsStandalone target not found
Refreshing native plugins compatible for Editor in 3.52 ms, found 6 plugins.
Preloading 0 native plugins for Editor in 0.00 ms.
Mono: successfully reloaded assembly
- Completed reload, in  2.571 seconds
Platform modules already initialized, skipping
Switching build target platform(19) subTarget(0) extendedPlatform(0) -> platform(13) subTarget(537395200) extendedPlatform(0)
Refreshing native plugins compatible for Editor in 1.49 ms, found 6 plugins.
Preloading 0 native plugins for Editor in 0.00 ms.
Unloading 2556 Unused Serialized files (Serialized files now loaded: 0)
System memory in use before: 146.9 MB.
System memory in use after: 142.4 MB.

Unloading 80 unused Assets to reduce memory usage. Loaded Objects now: 3083.
Total: 9.207900 ms (FindLiveObjects: 0.297800 ms CreateObjectMapping: 0.151000 ms MarkObjects: 6.446000 ms  DeleteObjects: 2.311300 ms)

AssetImportParameters requested are different than current active one (requested -> active):
  custom:framework-win-MediaFoundation: 216162199b28c13a410421893ffa2e32 -> 
  custom:video-decoder-ogg-theora: a1e56fd34408186e4bbccfd4996cb3dc -> 
  custom:container-muxer-webm: aa71ff27fc2769a1b78a27578f13a17b -> 
  custom:container-demuxer-webm: 4f35f7cbe854078d1ac9338744f61a02 -> 
  custom:container-demuxer-ogg: 62fdf1f143b41e24485cea50d1cbac27 -> 
  custom:video-encoder-webm-vp8: eb34c28f22e8b96e1ab97ce403110664 -> 
  custom:video-decoder-webm-vp8: 9c59270c3fd7afecdb556c50c9e8de78 -> 
  custom:graphics/normal-map-encoding: 01000000000000000000000000000000 -> 02000000000000000000000000000000
  custom:audio-decoder-ogg-vorbis: bf7c407c2cedff20999df2af8eb42d56 -> 
  custom:audio-encoder-webm-vorbis: bf7c407c2cedff20999df2af8eb42d56 -> 
========================================================================
Received Import Request.
  Time since last request: 141.117661 seconds.
  path: Assets/Scenes/GameScene Day.unity
  artifactKey: Guid(47fcb180ff4c4134687d5bf953be7596) Importer(815301076,1909f56bfc062723c751e8b465ee728b)
Start importing Assets/Scenes/GameScene Day.unity using Guid(47fcb180ff4c4134687d5bf953be7596) Importer(815301076,1909f56bfc062723c751e8b465ee728b)  -> (artifact id: '53aaa85ffa69666b85478fe18d76d903') in 0.031193 seconds 
  Import took 0.040736 seconds .

========================================================================
Received Import Request.
  Time since last request: 16.725525 seconds.
  path: Assets/Scenes/GameScene Dark.unity
  artifactKey: Guid(9fc0d4010bbf28b4594072e72b8655ab) Importer(815301076,1909f56bfc062723c751e8b465ee728b)
Start importing Assets/Scenes/GameScene Dark.unity using Guid(9fc0d4010bbf28b4594072e72b8655ab) Importer(815301076,1909f56bfc062723c751e8b465ee728b)  -> (artifact id: '09275ec05b25cdd8aa2aa459f4fea9f6') in 0.009527 seconds 
  Import took 0.015873 seconds .

========================================================================
Received Import Request.
  Time since last request: 19.388059 seconds.
  path: Assets/Materials/circle_AB.mat
  artifactKey: Guid(b3a67757925433e4f93805d85b0244ba) Importer(815301076,1909f56bfc062723c751e8b465ee728b)
Start importing Assets/Materials/circle_AB.mat using Guid(b3a67757925433e4f93805d85b0244ba) Importer(815301076,1909f56bfc062723c751e8b465ee728b)  -> (artifact id: '38d0c6e853021b0c5b062052f5c41bb3') in 0.358202 seconds 
  Import took 0.408083 seconds .

========================================================================
Received Import Request.
  Time since last request: 90.266240 seconds.
  path: Assets/Epic Toon FX/Materials/Basics/cloud_2x2_soft_AB.mat
  artifactKey: Guid(719f8d52fe2e6b444b41c2f7a8fe587b) Importer(815301076,1909f56bfc062723c751e8b465ee728b)
Start importing Assets/Epic Toon FX/Materials/Basics/cloud_2x2_soft_AB.mat using Guid(719f8d52fe2e6b444b41c2f7a8fe587b) Importer(815301076,1909f56bfc062723c751e8b465ee728b)  -> (artifact id: 'ee178902bdb658d98125827ea48def70') in 0.095624 seconds 
  Import took 0.118432 seconds .

========================================================================
Received Prepare
Registering precompiled user dll's ...
Registered in 0.009555 seconds.
Begin MonoManager ReloadAssembly
Native extension for WindowsStandalone target not found
Refreshing native plugins compatible for Editor in 1.56 ms, found 6 plugins.
Preloading 0 native plugins for Editor in 0.00 ms.
Mono: successfully reloaded assembly
- Completed reload, in  1.795 seconds
Platform modules already initialized, skipping
Switching build target platform(19) subTarget(0) extendedPlatform(0) -> platform(13) subTarget(537395200) extendedPlatform(0)
Refreshing native plugins compatible for Editor in 6.05 ms, found 6 plugins.
Preloading 0 native plugins for Editor in 0.00 ms.
Unloading 2556 Unused Serialized files (Serialized files now loaded: 0)
System memory in use before: 150.1 MB.
System memory in use after: 145.6 MB.

Unloading 80 unused Assets to reduce memory usage. Loaded Objects now: 3125.
Total: 50.682300 ms (FindLiveObjects: 0.914200 ms CreateObjectMapping: 1.933900 ms MarkObjects: 34.038700 ms  DeleteObjects: 13.792200 ms)

AssetImportParameters requested are different than current active one (requested -> active):
  custom:framework-win-MediaFoundation: 216162199b28c13a410421893ffa2e32 -> 
  custom:video-decoder-ogg-theora: a1e56fd34408186e4bbccfd4996cb3dc -> 
  custom:container-muxer-webm: aa71ff27fc2769a1b78a27578f13a17b -> 
  custom:container-demuxer-webm: 4f35f7cbe854078d1ac9338744f61a02 -> 
  custom:container-demuxer-ogg: 62fdf1f143b41e24485cea50d1cbac27 -> 
  custom:video-encoder-webm-vp8: eb34c28f22e8b96e1ab97ce403110664 -> 
  custom:video-decoder-webm-vp8: 9c59270c3fd7afecdb556c50c9e8de78 -> 
  custom:graphics/normal-map-encoding: 01000000000000000000000000000000 -> 02000000000000000000000000000000
  custom:audio-decoder-ogg-vorbis: bf7c407c2cedff20999df2af8eb42d56 -> 
  custom:audio-encoder-webm-vorbis: bf7c407c2cedff20999df2af8eb42d56 -> 
========================================================================
Received Prepare
Registering precompiled user dll's ...
Registered in 0.009274 seconds.
Begin MonoManager ReloadAssembly
Native extension for WindowsStandalone target not found
Refreshing native plugins compatible for Editor in 1.62 ms, found 6 plugins.
Preloading 0 native plugins for Editor in 0.00 ms.
Mono: successfully reloaded assembly
- Completed reload, in  1.735 seconds
Platform modules already initialized, skipping
Switching build target platform(19) subTarget(0) extendedPlatform(0) -> platform(13) subTarget(537395200) extendedPlatform(0)
Refreshing native plugins compatible for Editor in 1.95 ms, found 6 plugins.
Preloading 0 native plugins for Editor in 0.00 ms.
Unloading 2556 Unused Serialized files (Serialized files now loaded: 0)
System memory in use before: 150.2 MB.
System memory in use after: 145.7 MB.

Unloading 80 unused Assets to reduce memory usage. Loaded Objects now: 3128.
Total: 10.893800 ms (FindLiveObjects: 0.465500 ms CreateObjectMapping: 0.221200 ms MarkObjects: 8.030000 ms  DeleteObjects: 2.175000 ms)

AssetImportParameters requested are different than current active one (requested -> active):
  custom:framework-win-MediaFoundation: 216162199b28c13a410421893ffa2e32 -> 
  custom:video-decoder-ogg-theora: a1e56fd34408186e4bbccfd4996cb3dc -> 
  custom:container-muxer-webm: aa71ff27fc2769a1b78a27578f13a17b -> 
  custom:container-demuxer-webm: 4f35f7cbe854078d1ac9338744f61a02 -> 
  custom:container-demuxer-ogg: 62fdf1f143b41e24485cea50d1cbac27 -> 
  custom:video-encoder-webm-vp8: eb34c28f22e8b96e1ab97ce403110664 -> 
  custom:video-decoder-webm-vp8: 9c59270c3fd7afecdb556c50c9e8de78 -> 
  custom:graphics/normal-map-encoding: 01000000000000000000000000000000 -> 02000000000000000000000000000000
  custom:audio-decoder-ogg-vorbis: bf7c407c2cedff20999df2af8eb42d56 -> 
  custom:audio-encoder-webm-vorbis: bf7c407c2cedff20999df2af8eb42d56 -> 
========================================================================
Received Prepare
Registering precompiled user dll's ...
Registered in 0.008617 seconds.
Begin MonoManager ReloadAssembly
Native extension for WindowsStandalone target not found
Refreshing native plugins compatible for Editor in 1.49 ms, found 6 plugins.
Preloading 0 native plugins for Editor in 0.00 ms.
Mono: successfully reloaded assembly
- Completed reload, in  1.737 seconds
Platform modules already initialized, skipping
Switching build target platform(19) subTarget(0) extendedPlatform(0) -> platform(13) subTarget(537395200) extendedPlatform(0)
Refreshing native plugins compatible for Editor in 3.98 ms, found 6 plugins.
Preloading 0 native plugins for Editor in 0.00 ms.
Unloading 2556 Unused Serialized files (Serialized files now loaded: 0)
System memory in use before: 150.2 MB.
System memory in use after: 145.7 MB.

Unloading 80 unused Assets to reduce memory usage. Loaded Objects now: 3131.
Total: 8.673000 ms (FindLiveObjects: 0.307100 ms CreateObjectMapping: 0.167400 ms MarkObjects: 6.115400 ms  DeleteObjects: 2.081700 ms)

AssetImportParameters requested are different than current active one (requested -> active):
  custom:framework-win-MediaFoundation: 216162199b28c13a410421893ffa2e32 -> 
  custom:video-decoder-ogg-theora: a1e56fd34408186e4bbccfd4996cb3dc -> 
  custom:container-muxer-webm: aa71ff27fc2769a1b78a27578f13a17b -> 
  custom:container-demuxer-webm: 4f35f7cbe854078d1ac9338744f61a02 -> 
  custom:container-demuxer-ogg: 62fdf1f143b41e24485cea50d1cbac27 -> 
  custom:video-encoder-webm-vp8: eb34c28f22e8b96e1ab97ce403110664 -> 
  custom:video-decoder-webm-vp8: 9c59270c3fd7afecdb556c50c9e8de78 -> 
  custom:graphics/normal-map-encoding: 01000000000000000000000000000000 -> 02000000000000000000000000000000
  custom:audio-decoder-ogg-vorbis: bf7c407c2cedff20999df2af8eb42d56 -> 
  custom:audio-encoder-webm-vorbis: bf7c407c2cedff20999df2af8eb42d56 -> 
========================================================================
Received Import Request.
  Time since last request: 265.018859 seconds.
  path: Assets/Scenes/GameScene Day.unity
  artifactKey: Guid(47fcb180ff4c4134687d5bf953be7596) Importer(815301076,1909f56bfc062723c751e8b465ee728b)
Start importing Assets/Scenes/GameScene Day.unity using Guid(47fcb180ff4c4134687d5bf953be7596) Importer(815301076,1909f56bfc062723c751e8b465ee728b)  -> (artifact id: 'a24edaf58379ecb218b41bf176d4cd1e') in 0.029950 seconds 
  Import took 0.053737 seconds .

========================================================================
Received Import Request.
  Time since last request: 15.844011 seconds.
  path: Assets/Scenes/GameScene Dark.unity
  artifactKey: Guid(9fc0d4010bbf28b4594072e72b8655ab) Importer(815301076,1909f56bfc062723c751e8b465ee728b)
Start importing Assets/Scenes/GameScene Dark.unity using Guid(9fc0d4010bbf28b4594072e72b8655ab) Importer(815301076,1909f56bfc062723c751e8b465ee728b)  -> (artifact id: '5ea7b91839271aaf1c62875872d7225d') in 0.004203 seconds 
  Import took 0.010683 seconds .

========================================================================
Received Import Request.
  Time since last request: 11.708991 seconds.
  path: Assets/Scenes/GameScene Day.unity
  artifactKey: Guid(47fcb180ff4c4134687d5bf953be7596) Importer(815301076,1909f56bfc062723c751e8b465ee728b)
Start importing Assets/Scenes/GameScene Day.unity using Guid(47fcb180ff4c4134687d5bf953be7596) Importer(815301076,1909f56bfc062723c751e8b465ee728b)  -> (artifact id: '1a44df012ff5b69f82b2a8d8139f8f02') in 0.009586 seconds 
  Import took 0.039487 seconds .

========================================================================
Received Prepare
Registering precompiled user dll's ...
Registered in 0.008103 seconds.
Begin MonoManager ReloadAssembly
Native extension for WindowsStandalone target not found
Refreshing native plugins compatible for Editor in 2.58 ms, found 6 plugins.
Preloading 0 native plugins for Editor in 0.00 ms.
Mono: successfully reloaded assembly
- Completed reload, in  2.329 seconds
Platform modules already initialized, skipping
Switching build target platform(19) subTarget(0) extendedPlatform(0) -> platform(13) subTarget(537395200) extendedPlatform(0)
Refreshing native plugins compatible for Editor in 2.02 ms, found 6 plugins.
Preloading 0 native plugins for Editor in 0.00 ms.
Unloading 2556 Unused Serialized files (Serialized files now loaded: 0)
System memory in use before: 150.3 MB.
System memory in use after: 145.8 MB.

Unloading 80 unused Assets to reduce memory usage. Loaded Objects now: 3134.
Total: 13.547800 ms (FindLiveObjects: 0.396900 ms CreateObjectMapping: 0.378000 ms MarkObjects: 9.493800 ms  DeleteObjects: 3.277500 ms)

AssetImportParameters requested are different than current active one (requested -> active):
  custom:framework-win-MediaFoundation: 216162199b28c13a410421893ffa2e32 -> 
  custom:video-decoder-ogg-theora: a1e56fd34408186e4bbccfd4996cb3dc -> 
  custom:container-muxer-webm: aa71ff27fc2769a1b78a27578f13a17b -> 
  custom:container-demuxer-webm: 4f35f7cbe854078d1ac9338744f61a02 -> 
  custom:container-demuxer-ogg: 62fdf1f143b41e24485cea50d1cbac27 -> 
  custom:video-encoder-webm-vp8: eb34c28f22e8b96e1ab97ce403110664 -> 
  custom:video-decoder-webm-vp8: 9c59270c3fd7afecdb556c50c9e8de78 -> 
  custom:graphics/normal-map-encoding: 01000000000000000000000000000000 -> 02000000000000000000000000000000
  custom:audio-decoder-ogg-vorbis: bf7c407c2cedff20999df2af8eb42d56 -> 
  custom:audio-encoder-webm-vorbis: bf7c407c2cedff20999df2af8eb42d56 -> 
========================================================================
Received Prepare
Registering precompiled user dll's ...
Registered in 0.012117 seconds.
Begin MonoManager ReloadAssembly
Native extension for WindowsStandalone target not found
Refreshing native plugins compatible for Editor in 2.49 ms, found 6 plugins.
Preloading 0 native plugins for Editor in 0.00 ms.
Mono: successfully reloaded assembly
- Completed reload, in  3.218 seconds
Platform modules already initialized, skipping
Switching build target platform(19) subTarget(0) extendedPlatform(0) -> platform(13) subTarget(537395200) extendedPlatform(0)
Refreshing native plugins compatible for Editor in 55.73 ms, found 6 plugins.
Preloading 0 native plugins for Editor in 0.00 ms.
Unloading 2557 Unused Serialized files (Serialized files now loaded: 0)
System memory in use before: 150.3 MB.
System memory in use after: 145.8 MB.

Unloading 80 unused Assets to reduce memory usage. Loaded Objects now: 3138.
Total: 11.444300 ms (FindLiveObjects: 0.318300 ms CreateObjectMapping: 0.154400 ms MarkObjects: 7.657200 ms  DeleteObjects: 3.312600 ms)

AssetImportParameters requested are different than current active one (requested -> active):
  custom:framework-win-MediaFoundation: 216162199b28c13a410421893ffa2e32 -> 
  custom:video-decoder-ogg-theora: a1e56fd34408186e4bbccfd4996cb3dc -> 
  custom:container-muxer-webm: aa71ff27fc2769a1b78a27578f13a17b -> 
  custom:container-demuxer-webm: 4f35f7cbe854078d1ac9338744f61a02 -> 
  custom:container-demuxer-ogg: 62fdf1f143b41e24485cea50d1cbac27 -> 
  custom:video-encoder-webm-vp8: eb34c28f22e8b96e1ab97ce403110664 -> 
  custom:video-decoder-webm-vp8: 9c59270c3fd7afecdb556c50c9e8de78 -> 
  custom:graphics/normal-map-encoding: 01000000000000000000000000000000 -> 02000000000000000000000000000000
  custom:audio-decoder-ogg-vorbis: bf7c407c2cedff20999df2af8eb42d56 -> 
  custom:audio-encoder-webm-vorbis: bf7c407c2cedff20999df2af8eb42d56 -> 
========================================================================
Received Prepare
Registering precompiled user dll's ...
Registered in 0.009826 seconds.
Begin MonoManager ReloadAssembly
Native extension for WindowsStandalone target not found
Refreshing native plugins compatible for Editor in 1.53 ms, found 6 plugins.
Preloading 0 native plugins for Editor in 0.00 ms.
Mono: successfully reloaded assembly
- Completed reload, in  2.241 seconds
Platform modules already initialized, skipping
Switching build target platform(19) subTarget(0) extendedPlatform(0) -> platform(13) subTarget(537395200) extendedPlatform(0)
Refreshing native plugins compatible for Editor in 1.71 ms, found 6 plugins.
Preloading 0 native plugins for Editor in 0.00 ms.
Unloading 2557 Unused Serialized files (Serialized files now loaded: 0)
System memory in use before: 150.3 MB.
System memory in use after: 145.8 MB.

Unloading 80 unused Assets to reduce memory usage. Loaded Objects now: 3141.
Total: 11.154600 ms (FindLiveObjects: 0.296000 ms CreateObjectMapping: 0.158400 ms MarkObjects: 7.474300 ms  DeleteObjects: 3.223600 ms)

AssetImportParameters requested are different than current active one (requested -> active):
  custom:framework-win-MediaFoundation: 216162199b28c13a410421893ffa2e32 -> 
  custom:video-decoder-ogg-theora: a1e56fd34408186e4bbccfd4996cb3dc -> 
  custom:container-muxer-webm: aa71ff27fc2769a1b78a27578f13a17b -> 
  custom:container-demuxer-webm: 4f35f7cbe854078d1ac9338744f61a02 -> 
  custom:container-demuxer-ogg: 62fdf1f143b41e24485cea50d1cbac27 -> 
  custom:video-encoder-webm-vp8: eb34c28f22e8b96e1ab97ce403110664 -> 
  custom:video-decoder-webm-vp8: 9c59270c3fd7afecdb556c50c9e8de78 -> 
  custom:graphics/normal-map-encoding: 01000000000000000000000000000000 -> 02000000000000000000000000000000
  custom:audio-decoder-ogg-vorbis: bf7c407c2cedff20999df2af8eb42d56 -> 
  custom:audio-encoder-webm-vorbis: bf7c407c2cedff20999df2af8eb42d56 -> 
========================================================================
Received Prepare
Registering precompiled user dll's ...
Registered in 0.014326 seconds.
Begin MonoManager ReloadAssembly
Native extension for WindowsStandalone target not found
Refreshing native plugins compatible for Editor in 7.64 ms, found 6 plugins.
Preloading 0 native plugins for Editor in 0.00 ms.
Mono: successfully reloaded assembly
- Completed reload, in  2.407 seconds
Platform modules already initialized, skipping
Switching build target platform(19) subTarget(0) extendedPlatform(0) -> platform(13) subTarget(537395200) extendedPlatform(0)
Refreshing native plugins compatible for Editor in 1.53 ms, found 6 plugins.
Preloading 0 native plugins for Editor in 0.00 ms.
Unloading 2557 Unused Serialized files (Serialized files now loaded: 0)
System memory in use before: 150.3 MB.
System memory in use after: 145.8 MB.

Unloading 80 unused Assets to reduce memory usage. Loaded Objects now: 3144.
Total: 14.803100 ms (FindLiveObjects: 0.355500 ms CreateObjectMapping: 0.175400 ms MarkObjects: 9.294100 ms  DeleteObjects: 4.976300 ms)

AssetImportParameters requested are different than current active one (requested -> active):
  custom:framework-win-MediaFoundation: 216162199b28c13a410421893ffa2e32 -> 
  custom:video-decoder-ogg-theora: a1e56fd34408186e4bbccfd4996cb3dc -> 
  custom:container-muxer-webm: aa71ff27fc2769a1b78a27578f13a17b -> 
  custom:container-demuxer-webm: 4f35f7cbe854078d1ac9338744f61a02 -> 
  custom:container-demuxer-ogg: 62fdf1f143b41e24485cea50d1cbac27 -> 
  custom:video-encoder-webm-vp8: eb34c28f22e8b96e1ab97ce403110664 -> 
  custom:video-decoder-webm-vp8: 9c59270c3fd7afecdb556c50c9e8de78 -> 
  custom:graphics/normal-map-encoding: 01000000000000000000000000000000 -> 02000000000000000000000000000000
  custom:audio-decoder-ogg-vorbis: bf7c407c2cedff20999df2af8eb42d56 -> 
  custom:audio-encoder-webm-vorbis: bf7c407c2cedff20999df2af8eb42d56 -> 
========================================================================
Received Prepare
Registering precompiled user dll's ...
Registered in 0.008742 seconds.
Begin MonoManager ReloadAssembly
Native extension for WindowsStandalone target not found
Refreshing native plugins compatible for Editor in 1.68 ms, found 6 plugins.
Preloading 0 native plugins for Editor in 0.00 ms.
Mono: successfully reloaded assembly
- Completed reload, in  1.591 seconds
Platform modules already initialized, skipping
Switching build target platform(19) subTarget(0) extendedPlatform(0) -> platform(13) subTarget(537395200) extendedPlatform(0)
Refreshing native plugins compatible for Editor in 1.36 ms, found 6 plugins.
Preloading 0 native plugins for Editor in 0.00 ms.
Unloading 2557 Unused Serialized files (Serialized files now loaded: 0)
System memory in use before: 150.4 MB.
System memory in use after: 145.8 MB.

Unloading 80 unused Assets to reduce memory usage. Loaded Objects now: 3147.
Total: 11.179500 ms (FindLiveObjects: 0.322400 ms CreateObjectMapping: 0.132900 ms MarkObjects: 7.123200 ms  DeleteObjects: 3.599400 ms)

AssetImportParameters requested are different than current active one (requested -> active):
  custom:framework-win-MediaFoundation: 216162199b28c13a410421893ffa2e32 -> 
  custom:video-decoder-ogg-theora: a1e56fd34408186e4bbccfd4996cb3dc -> 
  custom:container-muxer-webm: aa71ff27fc2769a1b78a27578f13a17b -> 
  custom:container-demuxer-webm: 4f35f7cbe854078d1ac9338744f61a02 -> 
  custom:container-demuxer-ogg: 62fdf1f143b41e24485cea50d1cbac27 -> 
  custom:video-encoder-webm-vp8: eb34c28f22e8b96e1ab97ce403110664 -> 
  custom:video-decoder-webm-vp8: 9c59270c3fd7afecdb556c50c9e8de78 -> 
  custom:graphics/normal-map-encoding: 01000000000000000000000000000000 -> 02000000000000000000000000000000
  custom:audio-decoder-ogg-vorbis: bf7c407c2cedff20999df2af8eb42d56 -> 
  custom:audio-encoder-webm-vorbis: bf7c407c2cedff20999df2af8eb42d56 -> 
========================================================================
Received Prepare
Registering precompiled user dll's ...
Registered in 0.006939 seconds.
Begin MonoManager ReloadAssembly
Native extension for WindowsStandalone target not found
Refreshing native plugins compatible for Editor in 1.74 ms, found 6 plugins.
Preloading 0 native plugins for Editor in 0.00 ms.
Mono: successfully reloaded assembly
- Completed reload, in  1.523 seconds
Platform modules already initialized, skipping
Switching build target platform(19) subTarget(0) extendedPlatform(0) -> platform(13) subTarget(537395200) extendedPlatform(0)
Refreshing native plugins compatible for Editor in 1.49 ms, found 6 plugins.
Preloading 0 native plugins for Editor in 0.00 ms.
Unloading 2557 Unused Serialized files (Serialized files now loaded: 0)
System memory in use before: 150.4 MB.
System memory in use after: 145.9 MB.

Unloading 80 unused Assets to reduce memory usage. Loaded Objects now: 3150.
Total: 9.478600 ms (FindLiveObjects: 0.280200 ms CreateObjectMapping: 0.163700 ms MarkObjects: 6.772100 ms  DeleteObjects: 2.261300 ms)

AssetImportParameters requested are different than current active one (requested -> active):
  custom:framework-win-MediaFoundation: 216162199b28c13a410421893ffa2e32 -> 
  custom:video-decoder-ogg-theora: a1e56fd34408186e4bbccfd4996cb3dc -> 
  custom:container-muxer-webm: aa71ff27fc2769a1b78a27578f13a17b -> 
  custom:container-demuxer-webm: 4f35f7cbe854078d1ac9338744f61a02 -> 
  custom:container-demuxer-ogg: 62fdf1f143b41e24485cea50d1cbac27 -> 
  custom:video-encoder-webm-vp8: eb34c28f22e8b96e1ab97ce403110664 -> 
  custom:video-decoder-webm-vp8: 9c59270c3fd7afecdb556c50c9e8de78 -> 
  custom:graphics/normal-map-encoding: 01000000000000000000000000000000 -> 02000000000000000000000000000000
  custom:audio-decoder-ogg-vorbis: bf7c407c2cedff20999df2af8eb42d56 -> 
  custom:audio-encoder-webm-vorbis: bf7c407c2cedff20999df2af8eb42d56 -> 
========================================================================
Received Prepare
Registering precompiled user dll's ...
Registered in 0.007774 seconds.
Begin MonoManager ReloadAssembly
Native extension for WindowsStandalone target not found
Refreshing native plugins compatible for Editor in 1.92 ms, found 6 plugins.
Preloading 0 native plugins for Editor in 0.00 ms.
Mono: successfully reloaded assembly
- Completed reload, in  1.650 seconds
Platform modules already initialized, skipping
Switching build target platform(19) subTarget(0) extendedPlatform(0) -> platform(13) subTarget(537395200) extendedPlatform(0)
Refreshing native plugins compatible for Editor in 1.49 ms, found 6 plugins.
Preloading 0 native plugins for Editor in 0.00 ms.
Unloading 2557 Unused Serialized files (Serialized files now loaded: 0)
System memory in use before: 150.4 MB.
System memory in use after: 145.9 MB.

Unloading 80 unused Assets to reduce memory usage. Loaded Objects now: 3153.
Total: 9.587500 ms (FindLiveObjects: 0.287200 ms CreateObjectMapping: 0.134800 ms MarkObjects: 6.581500 ms  DeleteObjects: 2.582200 ms)

AssetImportParameters requested are different than current active one (requested -> active):
  custom:framework-win-MediaFoundation: 216162199b28c13a410421893ffa2e32 -> 
  custom:video-decoder-ogg-theora: a1e56fd34408186e4bbccfd4996cb3dc -> 
  custom:container-muxer-webm: aa71ff27fc2769a1b78a27578f13a17b -> 
  custom:container-demuxer-webm: 4f35f7cbe854078d1ac9338744f61a02 -> 
  custom:container-demuxer-ogg: 62fdf1f143b41e24485cea50d1cbac27 -> 
  custom:video-encoder-webm-vp8: eb34c28f22e8b96e1ab97ce403110664 -> 
  custom:video-decoder-webm-vp8: 9c59270c3fd7afecdb556c50c9e8de78 -> 
  custom:graphics/normal-map-encoding: 01000000000000000000000000000000 -> 02000000000000000000000000000000
  custom:audio-decoder-ogg-vorbis: bf7c407c2cedff20999df2af8eb42d56 -> 
  custom:audio-encoder-webm-vorbis: bf7c407c2cedff20999df2af8eb42d56 -> 
========================================================================
Received Prepare
Registering precompiled user dll's ...
Registered in 0.008220 seconds.
Begin MonoManager ReloadAssembly
Native extension for WindowsStandalone target not found
Refreshing native plugins compatible for Editor in 1.74 ms, found 6 plugins.
Preloading 0 native plugins for Editor in 0.00 ms.
Mono: successfully reloaded assembly
- Completed reload, in  1.752 seconds
Platform modules already initialized, skipping
Switching build target platform(19) subTarget(0) extendedPlatform(0) -> platform(13) subTarget(537395200) extendedPlatform(0)
Refreshing native plugins compatible for Editor in 1.64 ms, found 6 plugins.
Preloading 0 native plugins for Editor in 0.00 ms.
Unloading 2557 Unused Serialized files (Serialized files now loaded: 0)
System memory in use before: 150.4 MB.
System memory in use after: 145.9 MB.

Unloading 80 unused Assets to reduce memory usage. Loaded Objects now: 3156.
Total: 11.253000 ms (FindLiveObjects: 0.340800 ms CreateObjectMapping: 0.135600 ms MarkObjects: 8.255300 ms  DeleteObjects: 2.519900 ms)

AssetImportParameters requested are different than current active one (requested -> active):
  custom:framework-win-MediaFoundation: 216162199b28c13a410421893ffa2e32 -> 
  custom:video-decoder-ogg-theora: a1e56fd34408186e4bbccfd4996cb3dc -> 
  custom:container-muxer-webm: aa71ff27fc2769a1b78a27578f13a17b -> 
  custom:container-demuxer-webm: 4f35f7cbe854078d1ac9338744f61a02 -> 
  custom:container-demuxer-ogg: 62fdf1f143b41e24485cea50d1cbac27 -> 
  custom:video-encoder-webm-vp8: eb34c28f22e8b96e1ab97ce403110664 -> 
  custom:video-decoder-webm-vp8: 9c59270c3fd7afecdb556c50c9e8de78 -> 
  custom:graphics/normal-map-encoding: 01000000000000000000000000000000 -> 02000000000000000000000000000000
  custom:audio-decoder-ogg-vorbis: bf7c407c2cedff20999df2af8eb42d56 -> 
  custom:audio-encoder-webm-vorbis: bf7c407c2cedff20999df2af8eb42d56 -> 
========================================================================
Received Prepare
Registering precompiled user dll's ...
Registered in 0.011567 seconds.
Begin MonoManager ReloadAssembly
Native extension for WindowsStandalone target not found
Refreshing native plugins compatible for Editor in 1.50 ms, found 6 plugins.
Preloading 0 native plugins for Editor in 0.00 ms.
Mono: successfully reloaded assembly
- Completed reload, in  1.434 seconds
Platform modules already initialized, skipping
Switching build target platform(19) subTarget(0) extendedPlatform(0) -> platform(13) subTarget(537395200) extendedPlatform(0)
Refreshing native plugins compatible for Editor in 1.51 ms, found 6 plugins.
Preloading 0 native plugins for Editor in 0.00 ms.
Unloading 2557 Unused Serialized files (Serialized files now loaded: 0)
System memory in use before: 150.4 MB.
System memory in use after: 145.9 MB.

Unloading 80 unused Assets to reduce memory usage. Loaded Objects now: 3159.
Total: 10.004400 ms (FindLiveObjects: 0.418300 ms CreateObjectMapping: 0.244200 ms MarkObjects: 6.717000 ms  DeleteObjects: 2.623700 ms)

AssetImportParameters requested are different than current active one (requested -> active):
  custom:framework-win-MediaFoundation: 216162199b28c13a410421893ffa2e32 -> 
  custom:video-decoder-ogg-theora: a1e56fd34408186e4bbccfd4996cb3dc -> 
  custom:container-muxer-webm: aa71ff27fc2769a1b78a27578f13a17b -> 
  custom:container-demuxer-webm: 4f35f7cbe854078d1ac9338744f61a02 -> 
  custom:container-demuxer-ogg: 62fdf1f143b41e24485cea50d1cbac27 -> 
  custom:video-encoder-webm-vp8: eb34c28f22e8b96e1ab97ce403110664 -> 
  custom:video-decoder-webm-vp8: 9c59270c3fd7afecdb556c50c9e8de78 -> 
  custom:graphics/normal-map-encoding: 01000000000000000000000000000000 -> 02000000000000000000000000000000
  custom:audio-decoder-ogg-vorbis: bf7c407c2cedff20999df2af8eb42d56 -> 
  custom:audio-encoder-webm-vorbis: bf7c407c2cedff20999df2af8eb42d56 -> 
========================================================================
Received Prepare
Registering precompiled user dll's ...
Registered in 0.006844 seconds.
Begin MonoManager ReloadAssembly
Native extension for WindowsStandalone target not found
Refreshing native plugins compatible for Editor in 1.80 ms, found 6 plugins.
Preloading 0 native plugins for Editor in 0.00 ms.
Mono: successfully reloaded assembly
- Completed reload, in  1.698 seconds
Platform modules already initialized, skipping
Switching build target platform(19) subTarget(0) extendedPlatform(0) -> platform(13) subTarget(537395200) extendedPlatform(0)
Refreshing native plugins compatible for Editor in 1.64 ms, found 6 plugins.
Preloading 0 native plugins for Editor in 0.00 ms.
Unloading 2557 Unused Serialized files (Serialized files now loaded: 0)
System memory in use before: 150.4 MB.
System memory in use after: 145.9 MB.

Unloading 80 unused Assets to reduce memory usage. Loaded Objects now: 3162.
Total: 9.036700 ms (FindLiveObjects: 0.312200 ms CreateObjectMapping: 0.151100 ms MarkObjects: 6.279100 ms  DeleteObjects: 2.292200 ms)

AssetImportParameters requested are different than current active one (requested -> active):
  custom:framework-win-MediaFoundation: 216162199b28c13a410421893ffa2e32 -> 
  custom:video-decoder-ogg-theora: a1e56fd34408186e4bbccfd4996cb3dc -> 
  custom:container-muxer-webm: aa71ff27fc2769a1b78a27578f13a17b -> 
  custom:container-demuxer-webm: 4f35f7cbe854078d1ac9338744f61a02 -> 
  custom:container-demuxer-ogg: 62fdf1f143b41e24485cea50d1cbac27 -> 
  custom:video-encoder-webm-vp8: eb34c28f22e8b96e1ab97ce403110664 -> 
  custom:video-decoder-webm-vp8: 9c59270c3fd7afecdb556c50c9e8de78 -> 
  custom:graphics/normal-map-encoding: 01000000000000000000000000000000 -> 02000000000000000000000000000000
  custom:audio-decoder-ogg-vorbis: bf7c407c2cedff20999df2af8eb42d56 -> 
  custom:audio-encoder-webm-vorbis: bf7c407c2cedff20999df2af8eb42d56 -> 
========================================================================
Received Prepare
Registering precompiled user dll's ...
Registered in 0.008009 seconds.
Begin MonoManager ReloadAssembly
Native extension for WindowsStandalone target not found
Refreshing native plugins compatible for Editor in 1.91 ms, found 6 plugins.
Preloading 0 native plugins for Editor in 0.00 ms.
Mono: successfully reloaded assembly
- Completed reload, in  1.924 seconds
Platform modules already initialized, skipping
Switching build target platform(19) subTarget(0) extendedPlatform(0) -> platform(13) subTarget(537395200) extendedPlatform(0)
Refreshing native plugins compatible for Editor in 1.72 ms, found 6 plugins.
Preloading 0 native plugins for Editor in 0.00 ms.
Unloading 2557 Unused Serialized files (Serialized files now loaded: 0)
System memory in use before: 150.4 MB.
System memory in use after: 145.9 MB.

Unloading 80 unused Assets to reduce memory usage. Loaded Objects now: 3165.
Total: 14.048200 ms (FindLiveObjects: 0.368600 ms CreateObjectMapping: 0.177200 ms MarkObjects: 9.559300 ms  DeleteObjects: 3.941600 ms)

AssetImportParameters requested are different than current active one (requested -> active):
  custom:framework-win-MediaFoundation: 216162199b28c13a410421893ffa2e32 -> 
  custom:video-decoder-ogg-theora: a1e56fd34408186e4bbccfd4996cb3dc -> 
  custom:container-muxer-webm: aa71ff27fc2769a1b78a27578f13a17b -> 
  custom:container-demuxer-webm: 4f35f7cbe854078d1ac9338744f61a02 -> 
  custom:container-demuxer-ogg: 62fdf1f143b41e24485cea50d1cbac27 -> 
  custom:video-encoder-webm-vp8: eb34c28f22e8b96e1ab97ce403110664 -> 
  custom:video-decoder-webm-vp8: 9c59270c3fd7afecdb556c50c9e8de78 -> 
  custom:graphics/normal-map-encoding: 01000000000000000000000000000000 -> 02000000000000000000000000000000
  custom:audio-decoder-ogg-vorbis: bf7c407c2cedff20999df2af8eb42d56 -> 
  custom:audio-encoder-webm-vorbis: bf7c407c2cedff20999df2af8eb42d56 -> 
========================================================================
Received Prepare
Registering precompiled user dll's ...
Registered in 0.007881 seconds.
Begin MonoManager ReloadAssembly
Native extension for WindowsStandalone target not found
Refreshing native plugins compatible for Editor in 1.77 ms, found 6 plugins.
Preloading 0 native plugins for Editor in 0.00 ms.
Mono: successfully reloaded assembly
- Completed reload, in  1.756 seconds
Platform modules already initialized, skipping
Switching build target platform(19) subTarget(0) extendedPlatform(0) -> platform(13) subTarget(537395200) extendedPlatform(0)
Refreshing native plugins compatible for Editor in 1.85 ms, found 6 plugins.
Preloading 0 native plugins for Editor in 0.00 ms.
Unloading 2557 Unused Serialized files (Serialized files now loaded: 0)
System memory in use before: 150.4 MB.
System memory in use after: 145.9 MB.

Unloading 80 unused Assets to reduce memory usage. Loaded Objects now: 3168.
Total: 9.127600 ms (FindLiveObjects: 0.339600 ms CreateObjectMapping: 0.174100 ms MarkObjects: 5.986800 ms  DeleteObjects: 2.625500 ms)

AssetImportParameters requested are different than current active one (requested -> active):
  custom:framework-win-MediaFoundation: 216162199b28c13a410421893ffa2e32 -> 
  custom:video-decoder-ogg-theora: a1e56fd34408186e4bbccfd4996cb3dc -> 
  custom:container-muxer-webm: aa71ff27fc2769a1b78a27578f13a17b -> 
  custom:container-demuxer-webm: 4f35f7cbe854078d1ac9338744f61a02 -> 
  custom:container-demuxer-ogg: 62fdf1f143b41e24485cea50d1cbac27 -> 
  custom:video-encoder-webm-vp8: eb34c28f22e8b96e1ab97ce403110664 -> 
  custom:video-decoder-webm-vp8: 9c59270c3fd7afecdb556c50c9e8de78 -> 
  custom:graphics/normal-map-encoding: 01000000000000000000000000000000 -> 02000000000000000000000000000000
  custom:audio-decoder-ogg-vorbis: bf7c407c2cedff20999df2af8eb42d56 -> 
  custom:audio-encoder-webm-vorbis: bf7c407c2cedff20999df2af8eb42d56 -> 
========================================================================
Received Prepare
Registering precompiled user dll's ...
Registered in 0.008027 seconds.
Begin MonoManager ReloadAssembly
Native extension for WindowsStandalone target not found
Refreshing native plugins compatible for Editor in 1.70 ms, found 6 plugins.
Preloading 0 native plugins for Editor in 0.00 ms.
Mono: successfully reloaded assembly
- Completed reload, in  1.728 seconds
Platform modules already initialized, skipping
Switching build target platform(19) subTarget(0) extendedPlatform(0) -> platform(13) subTarget(537395200) extendedPlatform(0)
Refreshing native plugins compatible for Editor in 2.28 ms, found 6 plugins.
Preloading 0 native plugins for Editor in 0.00 ms.
Unloading 2557 Unused Serialized files (Serialized files now loaded: 0)
System memory in use before: 150.4 MB.
System memory in use after: 145.9 MB.

Unloading 80 unused Assets to reduce memory usage. Loaded Objects now: 3171.
Total: 9.542300 ms (FindLiveObjects: 0.342500 ms CreateObjectMapping: 0.160900 ms MarkObjects: 6.440600 ms  DeleteObjects: 2.596100 ms)

AssetImportParameters requested are different than current active one (requested -> active):
  custom:framework-win-MediaFoundation: 216162199b28c13a410421893ffa2e32 -> 
  custom:video-decoder-ogg-theora: a1e56fd34408186e4bbccfd4996cb3dc -> 
  custom:container-muxer-webm: aa71ff27fc2769a1b78a27578f13a17b -> 
  custom:container-demuxer-webm: 4f35f7cbe854078d1ac9338744f61a02 -> 
  custom:container-demuxer-ogg: 62fdf1f143b41e24485cea50d1cbac27 -> 
  custom:video-encoder-webm-vp8: eb34c28f22e8b96e1ab97ce403110664 -> 
  custom:video-decoder-webm-vp8: 9c59270c3fd7afecdb556c50c9e8de78 -> 
  custom:graphics/normal-map-encoding: 01000000000000000000000000000000 -> 02000000000000000000000000000000
  custom:audio-decoder-ogg-vorbis: bf7c407c2cedff20999df2af8eb42d56 -> 
  custom:audio-encoder-webm-vorbis: bf7c407c2cedff20999df2af8eb42d56 -> 
========================================================================
Received Prepare
Registering precompiled user dll's ...
Registered in 0.007356 seconds.
Begin MonoManager ReloadAssembly
Native extension for WindowsStandalone target not found
Refreshing native plugins compatible for Editor in 1.59 ms, found 6 plugins.
Preloading 0 native plugins for Editor in 0.00 ms.
Mono: successfully reloaded assembly
- Completed reload, in  1.584 seconds
Platform modules already initialized, skipping
Switching build target platform(19) subTarget(0) extendedPlatform(0) -> platform(13) subTarget(537395200) extendedPlatform(0)
Refreshing native plugins compatible for Editor in 1.54 ms, found 6 plugins.
Preloading 0 native plugins for Editor in 0.00 ms.
Unloading 2557 Unused Serialized files (Serialized files now loaded: 0)
System memory in use before: 150.4 MB.
System memory in use after: 145.9 MB.

Unloading 80 unused Assets to reduce memory usage. Loaded Objects now: 3174.
Total: 9.476900 ms (FindLiveObjects: 0.331300 ms CreateObjectMapping: 0.159700 ms MarkObjects: 6.625700 ms  DeleteObjects: 2.358000 ms)

AssetImportParameters requested are different than current active one (requested -> active):
  custom:framework-win-MediaFoundation: 216162199b28c13a410421893ffa2e32 -> 
  custom:video-decoder-ogg-theora: a1e56fd34408186e4bbccfd4996cb3dc -> 
  custom:container-muxer-webm: aa71ff27fc2769a1b78a27578f13a17b -> 
  custom:container-demuxer-webm: 4f35f7cbe854078d1ac9338744f61a02 -> 
  custom:container-demuxer-ogg: 62fdf1f143b41e24485cea50d1cbac27 -> 
  custom:video-encoder-webm-vp8: eb34c28f22e8b96e1ab97ce403110664 -> 
  custom:video-decoder-webm-vp8: 9c59270c3fd7afecdb556c50c9e8de78 -> 
  custom:graphics/normal-map-encoding: 01000000000000000000000000000000 -> 02000000000000000000000000000000
  custom:audio-decoder-ogg-vorbis: bf7c407c2cedff20999df2af8eb42d56 -> 
  custom:audio-encoder-webm-vorbis: bf7c407c2cedff20999df2af8eb42d56 -> 
========================================================================
Received Prepare
Registering precompiled user dll's ...
Registered in 0.006951 seconds.
Begin MonoManager ReloadAssembly
Native extension for WindowsStandalone target not found
Refreshing native plugins compatible for Editor in 1.43 ms, found 6 plugins.
Preloading 0 native plugins for Editor in 0.00 ms.
Mono: successfully reloaded assembly
- Completed reload, in  1.556 seconds
Platform modules already initialized, skipping
Switching build target platform(19) subTarget(0) extendedPlatform(0) -> platform(13) subTarget(537395200) extendedPlatform(0)
Refreshing native plugins compatible for Editor in 1.47 ms, found 6 plugins.
Preloading 0 native plugins for Editor in 0.00 ms.
Unloading 2557 Unused Serialized files (Serialized files now loaded: 0)
System memory in use before: 150.4 MB.
System memory in use after: 145.9 MB.

Unloading 80 unused Assets to reduce memory usage. Loaded Objects now: 3177.
Total: 9.711300 ms (FindLiveObjects: 0.342700 ms CreateObjectMapping: 0.143200 ms MarkObjects: 6.176400 ms  DeleteObjects: 3.047800 ms)

AssetImportParameters requested are different than current active one (requested -> active):
  custom:framework-win-MediaFoundation: 216162199b28c13a410421893ffa2e32 -> 
  custom:video-decoder-ogg-theora: a1e56fd34408186e4bbccfd4996cb3dc -> 
  custom:container-muxer-webm: aa71ff27fc2769a1b78a27578f13a17b -> 
  custom:container-demuxer-webm: 4f35f7cbe854078d1ac9338744f61a02 -> 
  custom:container-demuxer-ogg: 62fdf1f143b41e24485cea50d1cbac27 -> 
  custom:video-encoder-webm-vp8: eb34c28f22e8b96e1ab97ce403110664 -> 
  custom:video-decoder-webm-vp8: 9c59270c3fd7afecdb556c50c9e8de78 -> 
  custom:graphics/normal-map-encoding: 01000000000000000000000000000000 -> 02000000000000000000000000000000
  custom:audio-decoder-ogg-vorbis: bf7c407c2cedff20999df2af8eb42d56 -> 
  custom:audio-encoder-webm-vorbis: bf7c407c2cedff20999df2af8eb42d56 -> 
========================================================================
Received Prepare
Registering precompiled user dll's ...
Registered in 0.006631 seconds.
Begin MonoManager ReloadAssembly
Native extension for WindowsStandalone target not found
Refreshing native plugins compatible for Editor in 1.57 ms, found 6 plugins.
Preloading 0 native plugins for Editor in 0.00 ms.
Mono: successfully reloaded assembly
- Completed reload, in  1.733 seconds
Platform modules already initialized, skipping
Switching build target platform(19) subTarget(0) extendedPlatform(0) -> platform(13) subTarget(537395200) extendedPlatform(0)
Refreshing native plugins compatible for Editor in 2.61 ms, found 6 plugins.
Preloading 0 native plugins for Editor in 0.00 ms.
Unloading 2557 Unused Serialized files (Serialized files now loaded: 0)
System memory in use before: 150.4 MB.
System memory in use after: 145.9 MB.

Unloading 80 unused Assets to reduce memory usage. Loaded Objects now: 3180.
Total: 11.631800 ms (FindLiveObjects: 0.373100 ms CreateObjectMapping: 0.205700 ms MarkObjects: 8.602300 ms  DeleteObjects: 2.448600 ms)

AssetImportParameters requested are different than current active one (requested -> active):
  custom:framework-win-MediaFoundation: 216162199b28c13a410421893ffa2e32 -> 
  custom:video-decoder-ogg-theora: a1e56fd34408186e4bbccfd4996cb3dc -> 
  custom:container-muxer-webm: aa71ff27fc2769a1b78a27578f13a17b -> 
  custom:container-demuxer-webm: 4f35f7cbe854078d1ac9338744f61a02 -> 
  custom:container-demuxer-ogg: 62fdf1f143b41e24485cea50d1cbac27 -> 
  custom:video-encoder-webm-vp8: eb34c28f22e8b96e1ab97ce403110664 -> 
  custom:video-decoder-webm-vp8: 9c59270c3fd7afecdb556c50c9e8de78 -> 
  custom:graphics/normal-map-encoding: 01000000000000000000000000000000 -> 02000000000000000000000000000000
  custom:audio-decoder-ogg-vorbis: bf7c407c2cedff20999df2af8eb42d56 -> 
  custom:audio-encoder-webm-vorbis: bf7c407c2cedff20999df2af8eb42d56 -> 
========================================================================
Received Prepare
Registering precompiled user dll's ...
Registered in 0.006669 seconds.
Begin MonoManager ReloadAssembly
Native extension for WindowsStandalone target not found
Refreshing native plugins compatible for Editor in 1.83 ms, found 6 plugins.
Preloading 0 native plugins for Editor in 0.00 ms.
Mono: successfully reloaded assembly
- Completed reload, in  1.460 seconds
Platform modules already initialized, skipping
Switching build target platform(19) subTarget(0) extendedPlatform(0) -> platform(13) subTarget(537395200) extendedPlatform(0)
Refreshing native plugins compatible for Editor in 1.76 ms, found 6 plugins.
Preloading 0 native plugins for Editor in 0.00 ms.
Unloading 2557 Unused Serialized files (Serialized files now loaded: 0)
System memory in use before: 150.5 MB.
System memory in use after: 145.9 MB.

Unloading 80 unused Assets to reduce memory usage. Loaded Objects now: 3183.
Total: 11.063600 ms (FindLiveObjects: 0.386900 ms CreateObjectMapping: 0.207900 ms MarkObjects: 7.599700 ms  DeleteObjects: 2.867200 ms)

AssetImportParameters requested are different than current active one (requested -> active):
  custom:framework-win-MediaFoundation: 216162199b28c13a410421893ffa2e32 -> 
  custom:video-decoder-ogg-theora: a1e56fd34408186e4bbccfd4996cb3dc -> 
  custom:container-muxer-webm: aa71ff27fc2769a1b78a27578f13a17b -> 
  custom:container-demuxer-webm: 4f35f7cbe854078d1ac9338744f61a02 -> 
  custom:container-demuxer-ogg: 62fdf1f143b41e24485cea50d1cbac27 -> 
  custom:video-encoder-webm-vp8: eb34c28f22e8b96e1ab97ce403110664 -> 
  custom:video-decoder-webm-vp8: 9c59270c3fd7afecdb556c50c9e8de78 -> 
  custom:graphics/normal-map-encoding: 01000000000000000000000000000000 -> 02000000000000000000000000000000
  custom:audio-decoder-ogg-vorbis: bf7c407c2cedff20999df2af8eb42d56 -> 
  custom:audio-encoder-webm-vorbis: bf7c407c2cedff20999df2af8eb42d56 -> 
========================================================================
Received Prepare
Registering precompiled user dll's ...
Registered in 0.011152 seconds.
Begin MonoManager ReloadAssembly
Native extension for WindowsStandalone target not found
Refreshing native plugins compatible for Editor in 2.22 ms, found 6 plugins.
Preloading 0 native plugins for Editor in 0.00 ms.
Mono: successfully reloaded assembly
- Completed reload, in  1.647 seconds
Platform modules already initialized, skipping
Switching build target platform(19) subTarget(0) extendedPlatform(0) -> platform(13) subTarget(537395200) extendedPlatform(0)
Refreshing native plugins compatible for Editor in 1.60 ms, found 6 plugins.
Preloading 0 native plugins for Editor in 0.00 ms.
Unloading 2557 Unused Serialized files (Serialized files now loaded: 0)
System memory in use before: 150.5 MB.
System memory in use after: 146.0 MB.

Unloading 80 unused Assets to reduce memory usage. Loaded Objects now: 3186.
Total: 10.209800 ms (FindLiveObjects: 0.335100 ms CreateObjectMapping: 0.162200 ms MarkObjects: 6.900100 ms  DeleteObjects: 2.810500 ms)

AssetImportParameters requested are different than current active one (requested -> active):
  custom:framework-win-MediaFoundation: 216162199b28c13a410421893ffa2e32 -> 
  custom:video-decoder-ogg-theora: a1e56fd34408186e4bbccfd4996cb3dc -> 
  custom:container-muxer-webm: aa71ff27fc2769a1b78a27578f13a17b -> 
  custom:container-demuxer-webm: 4f35f7cbe854078d1ac9338744f61a02 -> 
  custom:container-demuxer-ogg: 62fdf1f143b41e24485cea50d1cbac27 -> 
  custom:video-encoder-webm-vp8: eb34c28f22e8b96e1ab97ce403110664 -> 
  custom:video-decoder-webm-vp8: 9c59270c3fd7afecdb556c50c9e8de78 -> 
  custom:graphics/normal-map-encoding: 01000000000000000000000000000000 -> 02000000000000000000000000000000
  custom:audio-decoder-ogg-vorbis: bf7c407c2cedff20999df2af8eb42d56 -> 
  custom:audio-encoder-webm-vorbis: bf7c407c2cedff20999df2af8eb42d56 -> 
========================================================================
Received Prepare
Registering precompiled user dll's ...
Registered in 0.007204 seconds.
Begin MonoManager ReloadAssembly
Native extension for WindowsStandalone target not found
Refreshing native plugins compatible for Editor in 1.78 ms, found 6 plugins.
Preloading 0 native plugins for Editor in 0.00 ms.
Mono: successfully reloaded assembly
- Completed reload, in  1.763 seconds
Platform modules already initialized, skipping
Switching build target platform(19) subTarget(0) extendedPlatform(0) -> platform(13) subTarget(537395200) extendedPlatform(0)
Refreshing native plugins compatible for Editor in 1.86 ms, found 6 plugins.
Preloading 0 native plugins for Editor in 0.00 ms.
Unloading 2557 Unused Serialized files (Serialized files now loaded: 0)
System memory in use before: 150.5 MB.
System memory in use after: 146.0 MB.

Unloading 80 unused Assets to reduce memory usage. Loaded Objects now: 3189.
Total: 12.064100 ms (FindLiveObjects: 0.703500 ms CreateObjectMapping: 0.354700 ms MarkObjects: 7.466600 ms  DeleteObjects: 3.536800 ms)

AssetImportParameters requested are different than current active one (requested -> active):
  custom:framework-win-MediaFoundation: 216162199b28c13a410421893ffa2e32 -> 
  custom:video-decoder-ogg-theora: a1e56fd34408186e4bbccfd4996cb3dc -> 
  custom:container-muxer-webm: aa71ff27fc2769a1b78a27578f13a17b -> 
  custom:container-demuxer-webm: 4f35f7cbe854078d1ac9338744f61a02 -> 
  custom:container-demuxer-ogg: 62fdf1f143b41e24485cea50d1cbac27 -> 
  custom:video-encoder-webm-vp8: eb34c28f22e8b96e1ab97ce403110664 -> 
  custom:video-decoder-webm-vp8: 9c59270c3fd7afecdb556c50c9e8de78 -> 
  custom:graphics/normal-map-encoding: 01000000000000000000000000000000 -> 02000000000000000000000000000000
  custom:audio-decoder-ogg-vorbis: bf7c407c2cedff20999df2af8eb42d56 -> 
  custom:audio-encoder-webm-vorbis: bf7c407c2cedff20999df2af8eb42d56 -> 
AssetImportWorkerClient::OnTransportError - code=2 error=End of file
